Train
Mean
[[0.0004520293, 0.019076805856183283], [0.00073790026, -0.00078763058197811], [0.0006993264, -0.0008048155497603394], [0.00043679395, 0.01702586530554423], [0.9759067357512954, 1.01759179317454]]
Count
[1873, 77, 16, 1894, 3860]
acc: %0.9759067357512954
Max
[[0.003843069, 0.14334260117392655], [0.018327534, -0.0], [0.0015947819, -7.91389680278482e-05], [0.0025753975, 0.15659535965876042], [True, 1.1565953596587604]]
Min
[[9.536743e-07, 0.00020840569642234592], [1.2397766e-05, -0.0035245741139612223], [0.00012612343, -0.003547523427041517], [4.4703484e-07, 7.04771301711343e-05], [False, 0.9964524765729584]]
Money
6.263888507461535e+30
Valid
Mean
[[0.00067403057, 0.013470397199408657], [0.0005105223, 0.0], [0.0014463663, -0.0005396906340303671], [0.000626568, 0.012971806028944856], [0.984375, 1.0129957685870592]]
Count
[264, 7, 2, 303, 576]
acc: %0.984375
Max
[[0.0025999546, 0.07637540453074441], [0.0015454292, -0.0], [0.0015947819, -0.00045045045045060084], [0.002179861, 0.08795669824086597], [True, 1.087956698240866]]
Min
[[2.503395e-06, 0.0004411116012350639], [8.2969666e-05, -0.0], [0.0012979507, -0.0006289308176101332], [3.695488e-06, 0.0004401408450703741], [False, 0.9993710691823898]]
Money
153579.37998952577
Test
Mean
[[0.0005760806, 0.015352232256794012], [0.0023591444, -6.115459882582496e-05], [0.0010893345, -0.0012024973506296552], [0.0005782148, 0.016474566130289206], [0.9670138888888888, 1.0153697995640023]]
Count
[284, 16, 3, 273, 576]
acc: %0.9670138888888888
Max
[[0.00195086, 0.09053916581892175], [0.018327534, -0.0], [0.0011131167, -0.0011876484560570083], [0.0025435686, 0.09228550829127621], [True, 1.0922855082912761]]
Min
[[5.1259995e-06, 0.0008285004142501158], [1.2397766e-05, -0.0009784735812131994], [0.0010650754, -0.0012106537530266355], [1.0728836e-06, 0.0008650519031140917], [False, 0.9987893462469734]]
Money
585037.995489704
