Train
Mean
[[0.012871054, 0.05754090692834112], [0.0125157945, -0.02955933398386547], [0.02018244, -0.006194943733798229], [0.010560082, 0.04143501568242601], [0.814873417721519, 1.034080886285524]]
Count
[217, 110, 7, 298, 632]
acc: %0.814873417721519
Max
[[0.07330418, 0.331679941044755], [0.033130765, -0.0], [0.039457083, -0.0005042864346949631], [0.06851375, 0.2681672988620484], [True, 1.331679941044755]]
Min
[[0.00012874603, 0.0008051529790661126], [0.001981616, -0.17433971407802276], [0.0043070316, -0.013345151918057765], [1.8656254e-05, 0.0005756058251310147], [False, 0.8256602859219773]]
Money
65988794246.806206
Valid
Mean
[[0.009607632, 0.032761286436711036], [0.011571209, -0.0032188362565642955], [0.013091862, -0.004543988710909664], [0.007575602, 0.03578554743837793], [0.9456521739130435, 1.0323877850313483]]
Count
[38, 3, 2, 49, 92]
acc: %0.9456521739130435
Max
[[0.024112105, 0.11808422791081752], [0.017691731, -0.001067235859124749], [0.021810532, -0.0005042864346949631], [0.036848545, 0.1052877866167525], [True, 1.1180842279108174]]
Min
[[0.00012874603, 0.0008051529790661126], [0.0063620806, -0.006523157208088721], [0.004373193, -0.008583690987124365], [0.0004811287, 0.0021739130434781824], [False, 0.9914163090128756]]
Money
1794.1106824978926
Test
Mean
[[0.011079073, 0.04563145792715779], [0.0048894584, -0.0025078529965079687], [0.0043070316, -0.0016792611251049553], [0.00857855, 0.03782350345794595], [0.9456521739130435, 1.0389504820872764]]
Count
[39, 4, 1, 48, 92]
acc: %0.9456521739130435
Max
[[0.04297948, 0.13687943262411353], [0.008400917, -0.0010050251256281417], [0.0043070316, -0.0016792611251049553], [0.04762733, 0.11040508339952328], [True, 1.1368794326241136]]
Min
[[0.00025349855, 0.005758157389635321], [0.001981616, -0.006717850287907769], [0.0043070316, -0.0016792611251049553], [1.8656254e-05, 0.0007739938080496222], [False, 0.9932821497120923]]
Money
3203.5374944384307
