Train
Mean
[[0.0023394115, 0.050779687522790884], [0.0034401044, -0.0021678490518328127], [0.0010575099, -0.004020663942355346], [0.0025280796, 0.04148575381164386], [0.964110929853181, 1.0444463266438038]]
Count
[300, 15, 7, 291, 613]
acc: %0.964110929853181
Max
[[0.008443594, 0.331679941044755], [0.0089223385, -0.0], [0.0016060248, -0.0007403979639055691], [0.009875774, 0.2681672988620484], [True, 1.331679941044755]]
Min
[[2.5212765e-05, 0.0007956024880659553], [0.00078366697, -0.01079913606911448], [0.00047695637, -0.009871668311944727], [2.4229288e-05, 0.0005042864346949631], [False, 0.9892008639308855]]
Money
20715710088590.58
Valid
Mean
[[0.0032382072, 0.032034280723944854], [0.0011718273, -0.0008051529790661126], [nan, nan], [0.0033138285, 0.036110872302353964], [0.9887640449438202, 1.0339097139109004]]
Count
[39, 1, 0, 49, 89]
acc: %0.9887640449438202
Max
Min
Money
1862.6220818280779
Test
Mean
[[0.002480455, 0.044342423195859314], [0.0015975038, -0.0011045205660413688], [nan, nan], [0.0019240874, 0.037611113752696206], [0.9662921348314607, 1.039255767295698]]
Count
[39, 3, 0, 47, 89]
acc: %0.9662921348314607
Max
Min
Money
2936.647348071395
