Train
Mean
[[0.0066765933, 0.021339791131358594], [0.010459426, -0.004588090717144815], [0.00856779, -0.005483973387840184], [0.006301675, 0.01833070047370901], [0.853381517811048, 1.0161689663381603]]
Count
[1608, 350, 218, 1698, 3874]
acc: %0.853381517811048
Max
[[0.06719303, 0.14334260117392655], [0.059238672, -0.0], [0.062892914, -7.04771301711343e-05], [0.07563305, 0.15659535965876042], [True, 1.1565953596587604]]
Min
[[1.4975667e-06, 9.261831990222717e-06], [5.391985e-05, -0.03188938618925817], [0.000111825764, -0.03205077350257834], [1.7359853e-06, 7.91389680278482e-05], [False, 0.9679492264974217]]
Money
3.2205516740015257e+28
Valid
Mean
[[0.008799967, 0.015713608081754066], [0.013199658, -0.003210798205421599], [0.012941271, -0.003716193142048021], [0.007819002, 0.013672927892872078], [0.8601036269430051, 1.0120548213445935]]
Count
[217, 57, 24, 281, 579]
acc: %0.8601036269430051
Max
[[0.03423989, 0.07637540453074441], [0.031500578, -0.0], [0.021013498, -0.0004401408450703741], [0.047189474, 0.08795669824086597], [True, 1.087956698240866]]
Min
[[4.2676926e-05, 0.00048496605237649564], [0.0038092136, -0.016769144773616563], [0.002678156, -0.010744435917114362], [1.7166138e-05, 0.00044306601683665657], [False, 0.9832308552263834]]
Money
92547.1432680394
Test
Mean
[[0.0063840826, 0.017694945217616245], [0.008575125, -0.00336606310829311], [0.0103786085, -0.005532981191588419], [0.005789823, 0.017381830740363074], [0.8408304498269896, 1.0141129773078297]]
Count
[235, 67, 25, 251, 578]
acc: %0.8408304498269896
Max
[[0.0371027, 0.09053916581892175], [0.018764138, -0.0], [0.04878354, -0.0008650519031140917], [0.031076312, 0.09228550829127621], [True, 1.0922855082912761]]
Min
[[7.838011e-05, 0.0008285004142501158], [0.001445055, -0.013262599469495935], [0.0021303892, -0.020719738276990203], [2.69413e-05, 0.0009099181073702365], [False, 0.9792802617230097]]
Money
291659.88369818096
