Train
Mean
[[0.010708938, 0.05268931303668555], [0.013191567, -0.010602463697006974], [0.020832017, -0.008899016502235027], [0.011367809, 0.0463885860443306], [0.8740031897926634, 1.0422598470385314]]
Count
[291, 32, 47, 257, 627]
acc: %0.8740031897926634
Max
[[0.081097245, 0.331679941044755], [0.046260834, -0.0], [0.064935446, -0.0005042864346949631], [0.0648849, 0.2681672988620484], [True, 1.331679941044755]]
Min
[[8.814037e-06, 0.0007956024880659553], [0.0011536554, -0.03057250421913535], [0.0008931607, -0.024774774774774796], [1.8805265e-05, 0.0007739938080496222], [False, 0.9694274957808646]]
Money
9530641185887.027
Valid
Mean
[[0.015595036, 0.03301823026415781], [0.015041709, -0.002508273188874307], [0.024784485, -0.00852464886221323], [0.015582364, 0.04639891989006574], [0.8043478260869565, 1.0301769415647244]]
Count
[39, 3, 15, 35, 92]
acc: %0.8043478260869565
Max
[[0.050624132, 0.11808422791081752], [0.019402385, -0.001067235859124749], [0.064935446, -0.0005042864346949631], [0.045938134, 0.1052877866167525], [True, 1.1180842279108174]]
Min
[[0.00068449974, 0.0008051529790661126], [0.009788752, -0.0043914680050187544], [0.003569603, -0.024200913242009105], [0.0008676052, 0.004827031375703946], [False, 0.9757990867579909]]
Money
1462.7947819460264
Test
Mean
[[0.013602, 0.04334590886506445], [0.013212621, -0.006238003838771545], [0.022301462, -0.011601922027570932], [0.014770109, 0.04211414225255282], [0.9010989010989011, 1.0374744245489207]]
Count
[41, 2, 7, 41, 91]
acc: %0.9010989010989011
Max
[[0.04693079, 0.13687943262411353], [0.013507009, -0.005758157389635321], [0.032646656, -0.003579952267303106], [0.043000817, 0.11040508339952328], [True, 1.1368794326241136]]
Min
[[0.00064617395, 0.0010050251256281417], [0.012918234, -0.006717850287907769], [0.0075178742, -0.024774774774774796], [0.0006592274, 0.0007739938080496222], [False, 0.9752252252252253]]
Money
2694.225575085562
