Train
Mean
[[0.0042415876, 0.019933837106351354], [0.00467213, -0.0036319553933026904], [0.0043398477, -0.006907742240885125], [0.0047539347, 0.019459899883864748], [0.848414539829853, 1.0158403836851317]]
Count
[1769, 191, 397, 1522, 3879]
acc: %0.848414539829853
Max
[[0.043749213, 0.14334260117392655], [0.024655342, -0.0], [0.027040243, -7.04771301711343e-05], [0.061532617, 0.15659535965876042], [True, 1.1565953596587604]]
Min
[[1.4305115e-06, 9.261831990222717e-06], [4.0464103e-05, -0.027762947143619918], [8.842349e-05, -0.041599353796445866], [3.1292439e-07, 0.00015057066281204114], [False, 0.9584006462035541]]
Money
9.746375342484495e+27
Valid
Mean
[[0.0044684247, 0.014589747812027683], [0.0060403706, -0.0011876429227864202], [0.0061503835, -0.0016280487733380438], [0.0045553893, 0.013637581981163579], [0.9153713298791019, 1.0127697490472718]]
Count
[244, 30, 19, 286, 579]
acc: %0.9153713298791019
Max
[[0.024431229, 0.07637540453074441], [0.013115883, -0.0], [0.027040243, -0.0004401408450703741], [0.027496338, 0.08795669824086597], [True, 1.087956698240866]]
Min
[[4.6014786e-05, 0.0004589261128959771], [0.0013451576, -0.004655493482309025], [0.0010225773, -0.003186743148502163], [6.556511e-06, 0.00044306601683665657], [False, 0.995344506517691]]
Money
139998.97278167066
Test
Mean
[[0.0038793592, 0.01636960808110274], [0.004358806, -0.0016384689732718888], [0.005750939, -0.0028586369708435235], [0.0043820655, 0.017483206867037842], [0.8946459412780656, 1.014912436280354]]
Count
[264, 38, 23, 254, 579]
acc: %0.8946459412780656
Max
[[0.021278262, 0.09053916581892175], [0.015401781, -0.0], [0.016461134, -0.0008650519031140917], [0.024183393, 0.09228550829127621], [True, 1.0922855082912761]]
Min
[[5.6028366e-06, 0.0008285004142501158], [0.0009795427, -0.004975124378109457], [0.0010148883, -0.009797517962116201], [6.9737434e-06, 0.0009478672985780947], [False, 0.9902024820378837]]
Money
469886.3019729741
