Train
Mean
[[0.00035759358, 0.022204698091293378], [0.001685897, -0.00026902281726005276], [0.00055551744, -0.000351898814195109], [0.00035279858, 0.021491043804264236], [0.9914507772020725, 1.0216652363942225]]
Count
[1950, 19, 14, 1877, 3860]
acc: %0.9914507772020725
Max
[[0.0024490356, 0.23562412342215983], [0.013967991, -0.0], [0.0015952587, -0.00015335071308079893], [0.0027434826, 0.17613836921990816], [True, 1.2356241234221599]]
Min
[[2.9802322e-08, 5.652272213429176e-05], [5.030632e-05, -0.0009402030838660115], [0.00020718575, -0.0007923033389925557], [1.1920929e-07, 6.090875867949141e-05], [False, 0.999059796916134]]
Money
2.574298362155298e+37
Valid
Mean
[[0.0004501751, 0.01758848811237956], [nan, nan], [0.0007548332, -0.0003266550522647724], [0.00040621858, 0.017022207506881253], [0.9982638888888888, 1.0172762113826275]]
Count
[289, 0, 1, 286, 576]
acc: %0.9982638888888888
Max
Min
Money
1681676.56058512
Test
Mean
[[0.00026303894, 0.014431261232503878], [0.008088748, -3.397893306149813e-05], [0.0004284382, -0.00031938170130531675], [0.00025132083, 0.018022566287728786], [0.9913194444444444, 1.0160255376020833]]
Count
[295, 3, 2, 276, 576]
acc: %0.9913194444444444
Max
[[0.0015993118, 0.06275521169138192], [0.013967991, -0.0], [0.0005245209, -0.00021579628830381743], [0.0020661354, 0.1342400946185689], [True, 1.134240094618569]]
Min
[[2.4437904e-06, 0.00010824853864483656], [0.00010240078, -0.00010193679918449439], [0.0003323555, -0.0004229671143068161], [1.1920929e-07, 6.77598590594857e-05], [False, 0.9995770328856932]]
Money
845356.8244170252
