Train
Mean
[[0.0012043486, 0.05456535759281276], [0.00149405, -0.0007588898525585797], [0.0016588817, -0.0015376705807981785], [0.001276422, 0.04927697169908318], [0.9885807504078303, 1.051372364703692]]
Count
[310, 1, 6, 296, 613]
acc: %0.9885807504078303
Max
[[0.0047403574, 0.5001565680288084], [0.00149405, -0.0007588898525585797], [0.002718091, -0.00010706638115642399], [0.0065164566, 0.31802197802197807], [True, 1.5001565680288085]]
Min
[[2.1457672e-06, 0.0001275184901810622], [0.00149405, -0.0007588898525585797], [0.0008312464, -0.004641909814323465], [1.8715858e-05, 0.00019042782785322267], [False, 0.9953580901856766]]
Money
1085613750517965.6
Valid
Mean
[[0.0013152714, 0.043077309446910204], [nan, nan], [nan, nan], [0.002044622, 0.0439409703045704], [1.0, 1.0435139919030305]]
Count
[44, 0, 0, 45, 89]
acc: %1.0
Max
Min
Money
4210.232496488266
Test
Mean
[[0.0009901866, 0.02765535427112978], [0.00149405, -0.0007588898525585797], [nan, nan], [0.00088443846, 0.04553294626098004], [0.9887640449438202, 1.0355718377257384]]
Count
[47, 1, 0, 41, 89]
acc: %0.9887640449438202
Max
Min
Money
2159.584337728361
