Train
Mean
[[0.0074559343, 0.022884968280199598], [0.010043689, -0.005546875207877503], [0.014860251, -0.007674083633868968], [0.010152672, 0.027185735716716206], [0.8252452245740837, 1.0190715887284254]]
Count
[1873, 104, 573, 1324, 3874]
acc: %0.8252452245740837
Max
[[0.055458188, 0.23562412342215983], [0.03658521, -0.0], [0.07173109, -6.090875867949141e-05], [0.07335615, 0.17613836921990816], [True, 1.2356241234221599]]
Min
[[3.427267e-06, 5.652272213429176e-05], [0.00014179945, -0.02668579626972749], [0.0004531443, -0.039602731222843], [1.2814999e-05, 0.0002584981258887023], [False, 0.960397268777157]]
Money
1.5028676182656768e+33
Valid
Mean
[[0.014426584, 0.01789546481604473], [0.014935479, -0.004719205293841794], [0.026046388, -0.006946028685039282], [0.01746626, 0.023278570956246938], [0.7944732297063903, 1.0144569562515822]]
Count
[284, 8, 111, 176, 579]
acc: %0.7944732297063903
Max
[[0.0498904, 0.12139868499701138], [0.030044794, -0.0008005947275119048], [0.0651623, -6.090875867949141e-05], [0.06250477, 0.08929079224250698], [True, 1.1213986849970115]]
Min
[[0.00017488003, 5.652272213429176e-05], [0.003648758, -0.012506732092633546], [0.0014873743, -0.02308702996934252], [0.0002001524, 0.0007868773076689407], [False, 0.9769129700306575]]
Money
345966.6234016757
Test
Mean
[[0.0057706865, 0.014869812828311976], [0.0055782846, -0.002423891494860639], [0.012346863, -0.006312158756313269], [0.008200213, 0.02179334589362417], [0.8581314878892734, 1.0144369969369333]]
Count
[288, 12, 70, 208, 578]
acc: %0.8581314878892734
Max
[[0.036977887, 0.06275521169138192], [0.008911312, -0.0], [0.048893988, -6.77598590594857e-05], [0.054464936, 0.1342400946185689], [True, 1.134240094618569]]
Min
[[9.834766e-06, 0.00010193679918449439], [0.0016208291, -0.006699576868829382], [0.0021642447, -0.02137232845894266], [6.4373016e-05, 0.0002584981258887023], [False, 0.9786276715410573]]
Money
348024.8799532889
