Train
Mean
[[0.013594066, 0.05996282628674117], [0.022831814, -0.01380947619624102], [0.01900834, -0.013607507163330736], [0.011922665, 0.052070269860721656], [0.8883572567783095, 1.048224026741743]]
Count
[278, 41, 29, 279, 627]
acc: %0.8883572567783095
Max
[[0.062868, 0.5001565680288084], [0.066948056, -0.0003081347576006234], [0.05385101, -0.0009787608887149965], [0.06199205, 0.31802197802197807], [True, 1.5001565680288085]]
Min
[[5.1259995e-05, 0.0001275184901810622], [0.0035485923, -0.04937691041617673], [0.0016628504, -0.043862231380630036], [0.00019168854, 0.00010706638115642399], [False, 0.9506230895838232]]
Money
302486495586160.06
Valid
Mean
[[0.022807712, 0.0470422023000978], [0.033071, -0.009964874502554564], [0.03899615, -0.010259659404747632], [0.019214127, 0.04651142746443492], [0.8804347826086957, 1.039973576891377]]
Count
[40, 6, 5, 41, 92]
acc: %0.8804347826086957
Max
[[0.05910349, 0.1291939838025453], [0.061908245, -0.002078319842485247], [0.05385101, -0.005602697998259343], [0.049378276, 0.1409173596673596], [True, 1.1409173596673596]]
Min
[[0.0016049147, 0.004126547455295634], [0.008663058, -0.019871754174338205], [0.027460098, -0.015199493350221775], [0.00030231476, 0.00019042782785322267], [False, 0.9801282458256618]]
Money
3463.0464374885814
Test
Mean
[[0.013021127, 0.032160392332309135], [0.022495216, -0.012718713034099077], [0.019895256, -0.01070559937584268], [0.013119623, 0.04974403546610783], [0.8241758241758241, 1.0315295646221916]]
Count
[38, 11, 5, 37, 91]
acc: %0.8241758241758241
Max
[[0.029899836, 0.11626652279471279], [0.03788787, -0.0030117122141662418], [0.04068595, -0.002315987551566816], [0.050889492, 0.11268939393939395], [True, 1.1162665227947128]]
Min
[[0.00042015314, 0.0007588898525585797], [0.011107206, -0.0413558578323827], [0.01301825, -0.03170099913654859], [0.0005466342, 0.0010874818753020927], [False, 0.9586441421676173]]
Money
1601.2030159535002
