Train
Mean
[[0.013871449, 0.054222824341154705], [0.022037506, -0.004217593389568021], [0.013765473, -0.00894707715795951], [0.011127732, 0.058351270307702985], [0.8987341772151899, 1.0494533787518021]]
Count
[320, 1, 63, 248, 632]
acc: %0.8987341772151899
Max
[[0.05109501, 0.5001565680288084], [0.022037506, -0.004217593389568021], [0.031246305, -0.00010706638115642399], [0.05737531, 0.31802197802197807], [True, 1.5001565680288085]]
Min
[[5.853176e-05, 0.0001275184901810622], [0.022037506, -0.004217593389568021], [0.004152, -0.043184488836662725], [2.1755695e-05, 0.002041891713871758], [False, 0.9568155111633373]]
Money
830491959666457.2
Valid
Mean
[[0.01865011, 0.0430310724373941], [nan, nan], [0.013998429, -0.0028429457025552353], [0.0115702795, 0.04905800714338882], [0.9347826086956522, 1.0427252051994167]]
Count
[45, 0, 6, 41, 92]
acc: %0.9347826086956522
Max
Min
Money
4450.310780519908
Test
Mean
[[0.013898092, 0.02746239771153688], [nan, nan], [0.019500315, -0.0023879909446944824], [0.0070905387, 0.049592245930169074], [0.9565217391304348, 1.0353051442080925]]
Count
[50, 0, 4, 38, 92]
acc: %0.9565217391304348
Max
Min
Money
2338.610606295854
