Train
Mean
[[0.00511686, 0.025818421197760927], [0.007046688, -0.0039559523466997275], [0.0039646854, -0.004434892077785232], [0.006891325, 0.021935250519924027], [0.891466872905388, 1.0207483069821177]]
Count
[1630, 351, 70, 1828, 3879]
acc: %0.891466872905388
Max
[[0.052244186, 0.23562412342215983], [0.034024715, -0.0], [0.015257478, -7.968127490038964e-05], [0.05083549, 0.17613836921990816], [True, 1.2356241234221599]]
Min
[[1.1920929e-07, 0.00022426553038795466], [0.0009434521, -0.01683270353830285], [0.00023379922, -0.016653756777691597], [5.364418e-06, 6.090875867949141e-05], [False, 0.9831672964616971]]
Money
1.10376729503478e+36
Valid
Mean
[[0.0064412723, 0.020358664774572148], [0.009820142, -0.0020592011468434767], [0.005288005, -0.0017009417743394796], [0.012315129, 0.01712301002470353], [0.918825561312608, 1.0169536719090253]]
Count
[248, 44, 3, 284, 579]
acc: %0.918825561312608
Max
[[0.034092903, 0.12139868499701138], [0.021126747, -5.652272213429176e-05], [0.0067795515, -0.00121272256215202], [0.05083549, 0.08929079224250698], [True, 1.1213986849970115]]
Min
[[6.830692e-05, 0.003125856868659193], [0.0028128624, -0.007878595600676773], [0.004400611, -0.002391093177912345], [0.00021827221, 6.090875867949141e-05], [False, 0.9921214043993233]]
Money
1468088.748573794
Test
Mean
[[0.003990784, 0.017514325167317397], [0.0066112718, -0.0027845633282073735], [0.0045922794, -0.003788529802987712], [0.0077971495, 0.018018033824493414], [0.8842832469775475, 1.015400311628036]]
Count
[236, 64, 3, 276, 579]
acc: %0.8842832469775475
Max
[[0.01650989, 0.06275521169138192], [0.014313579, -0.0], [0.005287826, -0.0033246753246753045], [0.028476477, 0.1342400946185689], [True, 1.134240094618569]]
Min
[[1.1920929e-07, 0.0016652789342215299], [0.00095784664, -0.006745594713656255], [0.0034399629, -0.004029936672423755], [0.00022935867, 6.77598590594857e-05], [False, 0.9932544052863438]]
Money
616688.9480693346
