Train
Mean
[[0.1700851, 0.0389005742765894], [0.164027, -0.0075794730766827224], [nan, nan], [0.13383166, 0.024009122088436117], [0.823076923076923, 1.0230023559248085]]
Count
[40, 23, 0, 67, 130]
acc: %0.823076923076923
Max
Min
Money
1829.4090000024955
Valid
Mean
[[0.14115079, 0.03487935282099099], [0.13408788, -0.006203199708424203], [nan, nan], [0.10523939, 0.027611093651986628], [0.6470588235294118, 1.0169592711428423]]
Count
[3, 6, 0, 8, 17]
acc: %0.6470588235294118
Max
Min
Money
132.4539127561452
Test
Mean
[[0.20708323, 0.0379790537136466], [0.1810832, -0.0117906981491772], [nan, nan], [0.13673806, 0.01655640561680646], [0.75, 1.0148252916995206]]
Count
[4, 4, 0, 8, 16]
acc: %0.75
Max
Min
Money
125.88244174687425
