Train
Mean
[[0.07672679, 0.029885247505076106], [0.19957611, -0.0070574166780861475], [0.20353603, -0.007657917546894542], [0.07870145, 0.02288899454673916], [0.928, 1.0237456262026525]]
Count
[54, 7, 2, 62, 125]
acc: %0.928
Max
[[0.21853447, 0.12407870281356148], [0.33833218, -0.0012491274477385743], [0.23948479, -0.0062321809768048075], [0.22587681, 0.06357852856160594], [True, 1.1240787028135615]]
Min
[[0.00026130676, 0.0008272927828553733], [0.030292511, -0.014373823056856177], [0.16758728, -0.009083654116984276], [0.0008869171, 0.00011806933031076295], [False, 0.9856261769431438]]
Money
1803.7124569090756
Valid
Mean
[[0.06484566, 0.017716667206286674], [0.16705258, -0.0078103515200496], [nan, nan], [0.09724355, 0.027611093651986628], [0.8125, 1.0178775644179487]]
Count
[5, 3, 0, 8, 16]
acc: %0.8125
Max
Min
Money
132.2250545771315
Test
Mean
[[0.089918815, 0.028261411429079515], [0.030292511, -0.0012491274477385743], [nan, nan], [0.061418414, 0.01655640561680646], [0.9375, 1.0205644998431418]]
Count
[7, 1, 0, 8, 16]
acc: %0.9375
Max
Min
Money
137.99043139050696
