Train
Mean
[[0.08094418, 0.030879923921399755], [0.11203421, -0.004941587465576159], [nan, nan], [0.09014796, 0.021595824836583507], [0.8828828828828829, 1.021833460903832]]
Count
[40, 13, 0, 58, 111]
acc: %0.8828828828828829
Max
Min
Money
1065.5384416804222
Valid
Mean
[[0.04630184, 0.02338018352473453], [0.10896168, -0.005519080245034682], [nan, nan], [0.06601925, 0.030425175693831887], [0.6428571428571429, 1.0155750865244946]]
Count
[4, 5, 0, 5, 14]
acc: %0.6428571428571429
Max
Min
Money
123.70158525847785
Test
Mean
[[0.072726406, 0.02739121828731617], [0.096642494, -0.0012491274477385743], [nan, nan], [0.08492865, 0.014038924152112966], [0.9285714285714286, 1.0186693322386393]]
Count
[6, 1, 0, 7, 14]
acc: %0.9285714285714286
Max
Min
Money
129.13294579861073
