Train
Mean
[[0.061199177, 0.061723203576805434], [nan, nan], [0.08552105, -0.0021685458053758277], [0.07977137, 0.05312323263948491], [0.9722675367047309, 1.0559108848664542]]
Count
[308, 0, 17, 288, 613]
acc: %0.9722675367047309
Max
Min
Money
1.3582689138098436e+16
Valid
Mean
[[0.10549129, 0.0559211209109338], [nan, nan], [0.11545435, -0.0021906027039478894], [0.14404643, 0.05093069173612591], [0.9662921348314607, 1.0516072647740062]]
Count
[44, 0, 3, 42, 89]
acc: %0.9662921348314607
Max
Min
Money
8108.352736222018
Test
Mean
[[0.11754847, 0.04489088390436773], [nan, nan], [0.1567688, -0.004164353137146188], [0.15034197, 0.04764592570008437], [0.9887640449438202, 1.0457327001264545]]
Count
[43, 0, 1, 45, 89]
acc: %0.9887640449438202
Max
Min
Money
4992.361264826563
