Train
Mean
[[0.1362084, 0.061090600810068924], [0.21144867, -0.0018796992481203082], [0.12940457, -0.0071262939776851365], [0.09365797, 0.056355096185876134], [0.9335443037974683, 1.0545199429797514]]
Count
[317, 1, 41, 273, 632]
acc: %0.9335443037974683
Max
[[0.6608162, 0.33194930069930073], [0.21144867, -0.0018796992481203082], [0.3655033, -0.00018416206261499923], [0.48269844, 0.3976795096322242], [True, 1.397679509632224]]
Min
[[0.0022144318, 0.0004239084357779382], [0.21144867, -0.0018796992481203082], [0.013034344, -0.031191682218075178], [0.00071048737, 0.0016085790884717204], [False, 0.9688083177819248]]
Money
1.6027757092680602e+16
Valid
Mean
[[0.14446388, 0.05610425115544622], [0.21144867, -0.0018796992481203082], [0.1917944, -0.004693401087406886], [0.11922951, 0.04904820353019205], [0.967391304347826, 1.0507009750899492]]
Count
[44, 1, 2, 45, 92]
acc: %0.967391304347826
Max
[[0.6608162, 0.2175021240441801], [0.21144867, -0.0018796992481203082], [0.35092926, -0.0012330456226879402], [0.45133018, 0.14515003489183534], [True, 1.2175021240441801]]
Min
[[0.0038871765, 0.0015114873035067795], [0.21144867, -0.0018796992481203082], [0.03265953, -0.008153756552125833], [0.001033783, 0.0016085790884717204], [False, 0.9918462434478742]]
Money
8688.27575561649
Test
Mean
[[0.15614395, 0.045218394982671446], [nan, nan], [nan, nan], [0.122380316, 0.046234953831994156], [1.0, 1.045737723960043]]
Count
[45, 0, 0, 47, 92]
acc: %1.0
Max
Min
Money
5705.952185175881
