Train
Mean
[[0.056628715, 0.023525433127495343], [0.06267008, -0.0017328302362928482], [0.059020568, -0.0020803050621343725], [0.060811054, 0.022760914606176196], [0.9592678525393142, 1.0221335319829254]]
Count
[1922, 63, 95, 1799, 3879]
acc: %0.9592678525393142
Max
[[0.5671425, 0.19180404536419962], [0.6166153, -0.0], [0.32735443, -4.505722267268944e-05], [0.47615814, 0.17858023169829915], [True, 1.1918040453641996]]
Min
[[5.2452087e-05, 9.489466691966652e-05], [0.0032663345, -0.022934431049691353], [0.0011844635, -0.008132956152758023], [1.9073486e-06, 0.0001971997633601747], [False, 0.9770655689503086]]
Money
2.1191622757073045e+38
Valid
Mean
[[0.0855549, 0.01977650962797311], [0.08047322, -0.0003446928897924069], [0.094750084, -0.0015864623429445457], [0.091156304, 0.020334057928972554], [0.9620034542314335, 1.0192349851073803]]
Count
[292, 7, 15, 265, 579]
acc: %0.9620034542314335
Max
[[0.34321976, 0.10040026684456309], [0.16341782, -0.0], [0.32735443, -0.0002797985450477089], [0.47023392, 0.11680390362915519], [True, 1.1168039036291553]]
Min
[[0.00015640259, 0.0005373455131650491], [0.008516312, -0.001487209994051287], [0.019386292, -0.00515084621044888], [0.0001335144, 0.00044762757385861967], [False, 0.9948491537895511]]
Money
5336873.514344619
Test
Mean
[[0.07733047, 0.01883432378223266], [0.18539265, -0.00024350325090378207], [0.09132744, -0.0015417644936553006], [0.09179347, 0.019452716135401622], [0.9585492227979274, 1.0183044646612747]]
Count
[275, 7, 17, 280, 579]
acc: %0.9585492227979274
Max
[[0.32361412, 0.11071544189057952], [0.6166153, -0.0], [0.18780899, -0.00025833118057344383], [0.47615814, 0.14713579528932835], [True, 1.1471357952893284]]
Min
[[0.0001449585, 0.00032185387833916993], [0.0083732605, -0.0010653409090909496], [0.031841278, -0.0037636432066240656], [4.386902e-05, 0.0006944444444444296], [False, 0.996236356793376]]
Money
3147189.496544254
