Train
Mean
[[0.020632707, 0.02429724519366175], [0.036413442, -0.0008933821611597896], [0.017601013, -0.0003696857670980245], [0.023912366, 0.0217725735568258], [0.9691709844559585, 1.022286567386009]]
Count
[1854, 118, 1, 1887, 3860]
acc: %0.9691709844559585
Max
[[0.10668659, 0.19180404536419962], [0.85583496, -0.0], [0.017601013, -0.0003696857670980245], [0.13784027, 0.17858023169829915], [True, 1.1918040453641996]]
Min
[[0.0, 0.0006367061070727678], [0.0014839172, -0.003699376947040523], [0.017601013, -0.0003696857670980245], [0.0, 4.505722267268944e-05], [False, 0.9963006230529595]]
Money
2.5230972728032202e+38
Valid
Mean
[[0.026876954, 0.020181292134483515], [0.036940098, -0.0004510798301477651], [nan, nan], [0.030983584, 0.01943906596752871], [0.9791666666666666, 1.0193945124264592]]
Count
[287, 12, 0, 277, 576]
acc: %0.9791666666666666
Max
Min
Money
5522798.201131224
Test
Mean
[[0.024559494, 0.01973604565668998], [0.10916166, -0.0005149800408766842], [0.017601013, -0.0003696857670980245], [0.03252601, 0.01857121072882155], [0.9635416666666666, 1.0184054503802307]]
Count
[262, 20, 1, 293, 576]
acc: %0.9635416666666666
Max
[[0.09201813, 0.11071544189057952], [0.85583496, -0.0], [0.017601013, -0.0003696857670980245], [0.13660431, 0.14713579528932835], [True, 1.1471357952893284]]
Min
[[3.0517578e-05, 0.0006894174422612745], [0.008733749, -0.0011239112110143059], [0.017601013, -0.0003696857670980245], [0.0003452301, 0.00025833118057344383], [False, 0.9988760887889857]]
Money
3159120.4177866457
