Train
Mean
[[0.115283966, 0.06319878341341811], [0.15415539, -0.0063238787928539065], [0.1528226, -0.00636749070683501], [0.13038841, 0.055384932890926775], [0.9266347687400319, 1.054643750760774]]
Count
[304, 11, 35, 277, 627]
acc: %0.9266347687400319
Max
[[0.6914787, 0.33194930069930073], [0.5457783, -0.0004239084357779382], [0.535162, -0.00018416206261499923], [0.6342583, 0.3976795096322242], [True, 1.397679509632224]]
Min
[[0.00010442734, 0.0007518796992480374], [0.013104439, -0.017769002961500465], [0.031543255, -0.025482344375682506], [0.000116825104, 0.0007753941586973672], [False, 0.9745176556243175]]
Money
1.326490700804074e+16
Valid
Mean
[[0.17210053, 0.054504287409969064], [nan, nan], [0.17464304, -0.0036813911659923752], [0.19398203, 0.05138792812865477], [0.9565217391304348, 1.0505517895391097]]
Count
[46, 0, 4, 42, 92]
acc: %0.9565217391304348
Max
Min
Money
8572.093832318249
Test
Mean
[[0.17865494, 0.047752799763873977], [0.41034064, -0.00973672804583592], [0.2822895, -0.0073568311276461865], [0.19230066, 0.049445593401348936], [0.9340659340659341, 1.044840631085937]]
Count
[42, 3, 3, 43, 91]
acc: %0.9340659340659341
Max
[[0.6217098, 0.1836525307797538], [0.545784, -0.00323275862068965], [0.32843208, -0.00595434998346013], [0.6342583, 0.15515746893961285], [True, 1.1836525307797539]]
Min
[[0.013648987, 0.001398112548060089], [0.19410896, -0.017769002961500465], [0.23497581, -0.009100837277029487], [0.0010604858, 0.004164353137146188], [False, 0.9822309970384996]]
Money
5025.548043489988
