Train
Mean
[[0.14821337, 0.02447896114497513], [0.29940954, -0.007103536721433576], [0.2804434, -0.008162025454980829], [0.18473576, 0.02615162122556888], [0.8324728962312855, 1.0196778198717233]]
Count
[1797, 185, 464, 1428, 3874]
acc: %0.8324728962312855
Max
[[2.6657486, 0.19180404536419962], [2.0044937, -0.0], [1.7643032, -4.505722267268944e-05], [2.2635536, 0.17858023169829915], [True, 1.1918040453641996]]
Min
[[4.863739e-05, 4.895960832301931e-05], [0.0062327385, -0.0596502186133666], [0.005300522, -0.04639498432601871], [3.4809113e-05, 0.0002797985450477089], [False, 0.9403497813866334]]
Money
1.4005295917403004e+34
Valid
Mean
[[0.2221784, 0.021270457341527528], [0.3567777, -0.00409165943083395], [0.42146426, -0.007295998926653696], [0.25845715, 0.023189596034478507], [0.8255613126079447, 1.0171726827701655]]
Count
[266, 33, 68, 212, 579]
acc: %0.8255613126079447
Max
[[1.4774475, 0.10040026684456309], [1.0590954, -0.0], [1.5884991, -0.0003212335367811761], [2.1445236, 0.11680390362915519], [True, 1.1168039036291553]]
Min
[[0.0005874634, 0.0005373455131650491], [0.052318573, -0.01873536299765801], [0.042381287, -0.04639498432601871], [0.0011348724, 0.0002797985450477089], [False, 0.9536050156739813]]
Money
1616216.9638348613
Test
Mean
[[0.20724931, 0.019975560569716902], [0.406471, -0.006279666091236355], [0.45205474, -0.0073820324316309785], [0.2720304, 0.02171780048134068], [0.8252595155709342, 1.015945269732255]]
Count
[249, 33, 68, 228, 578]
acc: %0.8252595155709342
Max
[[1.0812302, 0.11071544189057952], [2.0044937, -0.0], [1.6195602, -0.00025833118057344383], [1.478344, 0.14713579528932835], [True, 1.1471357952893284]]
Min
[[0.002149582, 0.00032185387833916993], [0.009914398, -0.03203416978109973], [0.033950806, -0.02664359861591694], [0.00030899048, 0.00046446818392947343], [False, 0.9679658302189003]]
Money
790380.4383186065
