Train
Mean
[[0.49418604, 0.031628211033688645], [0.6901693, -0.008780270541335384], [0.6931842, -0.008322565145428451], [0.3899571, 0.024362616782225212], [0.821037037037037, 1.0211299253823933]]
Count
[1244, 452, 152, 1527, 3375]
acc: %0.821037037037037
Max
[[3.9330368, 0.26630826393979845], [5.4293213, -0.0], [7.2132263, -5.128094400118552e-05], [6.0889053, 0.22326738216902112], [True, 1.2663082639397985]]
Min
[[0.00012207031, 5.747126436780976e-05], [0.004306078, -0.06238332039187833], [0.0055379868, -0.04356847999646804], [7.247925e-05, 8.588851670542147e-05], [False, 0.9376166796081217]]
Money
9.719429928170833e+31
Valid
Mean
[[0.9732387, 0.026766726615972108], [1.5241848, -0.008065678061299082], [1.4908425, -0.00682236401316588], [0.8678175, 0.021592585860538253], [0.8293650793650794, 1.0185317571446992]]
Count
[190, 66, 20, 228, 504]
acc: %0.8293650793650794
Max
[[3.9330444, 0.14727694090382396], [5.4293213, -0.0001596424010216796], [7.2132263, -0.0007590132827324767], [6.0889053, 0.11124446085672081], [True, 1.147276940903824]]
Min
[[0.014053345, 0.0001868460388639389], [0.36198425, -0.03234901320670712], [0.16930008, -0.030921100384699276], [0.0093688965, 0.000128106584678518], [False, 0.9676509867932929]]
Money
890253.8244493451
Test
Mean
[[0.7550446, 0.023060184921727078], [1.1029133, -0.006995506039464147], [1.1166437, -0.008727863138107313], [0.5756249, 0.020348901056494964], [0.8170974155069582, 1.016288127534287]]
Count
[186, 74, 18, 225, 503]
acc: %0.8170974155069582
Max
[[2.9921417, 0.09493150684931516], [3.8881912, -0.0], [2.1730118, -0.002481731697228827], [2.7797546, 0.11251504211793026], [True, 1.1125150421179302]]
Min
[[0.00012207031, 0.00029502876530455846], [0.17656708, -0.020748811869711444], [0.30483246, -0.025998300764655924], [0.00078582764, 0.00014232849416460455], [False, 0.9740016992353441]]
Money
294317.9839707557
