Train
Mean
[[0.19628268, 0.027295127828377227], [0.2022238, -0.004591225720959926], [0.1334308, -0.005856618102937418], [0.18029262, 0.024619719943200082], [0.9162721893491125, 1.0233581821618214]]
Count
[1568, 131, 152, 1529, 3380]
acc: %0.9162721893491125
Max
[[2.3248444, 0.26630826393979845], [0.7938309, -0.0], [0.6762619, -5.128094400118552e-05], [2.0570602, 0.22326738216902112], [True, 1.2663082639397985]]
Min
[[0.00024604797, 2.670583522505302e-05], [0.0010972023, -0.03482979174876474], [0.007281065, -0.04524990461655856], [0.00018978119, 9.961647656521293e-05], [False, 0.9547500953834415]]
Money
2.0092866780412836e+35
Valid
Mean
[[0.341342, 0.023027067740873264], [0.37948287, -0.001735166346288535], [0.21290644, -0.0008987253484047888], [0.30380306, 0.021050311076211983], [0.9603174603174603, 1.021114743942705]]
Count
[244, 13, 7, 240, 504]
acc: %0.9603174603174603
Max
[[2.3248444, 0.14727694090382396], [0.5545578, -0.0001596424010216796], [0.56321716, -0.000128106584678518], [2.0570602, 0.11124446085672081], [True, 1.147276940903824]]
Min
[[0.0042648315, 0.0001868460388639389], [0.09124756, -0.004115710253998052], [0.0769043, -0.0020398701900788026], [0.0023040771, 0.0004884800130261522], [False, 0.995884289746002]]
Money
3272139.231188294
Test
Mean
[[0.28264907, 0.01940393035194196], [0.36218673, -0.001083926571686076], [0.36518782, -0.002115965601748828], [0.22273168, 0.020165447696121688], [0.9543650793650794, 1.0188020532864537]]
Count
[247, 13, 10, 234, 504]
acc: %0.9543650793650794
Max
[[1.9239502, 0.09493150684931516], [0.7938309, -0.0], [0.6762619, -0.0002541942043722703], [0.936821, 0.11251504211793026], [True, 1.1125150421179302]]
Min
[[0.0040740967, 0.0002329373398555325], [0.072280884, -0.00344234079173845], [0.07244873, -0.005434782608695587], [0.0019607544, 0.00014232849416460455], [False, 0.9945652173913044]]
Money
1062021.9842515343
