Train
Mean
[[0.307912, 0.06736516923994162], [0.3243883, -0.006272196299032279], [0.47293672, -0.009182609901697334], [0.23622604, 0.053996807015348425], [0.9562841530054644, 1.0579757881089078]]
Count
[274, 13, 11, 251, 549]
acc: %0.9562841530054644
Max
[[3.1080017, 0.7132558882685766], [0.86785126, -0.00029719287817796475], [1.2460251, -0.0024412572474826182], [1.9056206, 0.3748610169491525], [True, 1.7132558882685767]]
Min
[[0.00030255318, 2.4108585067086223e-05], [0.011254311, -0.014844136566056414], [0.027567863, -0.042131270114755676], [0.0029847622, 0.00029764630460676867], [False, 0.9578687298852443]]
Money
1106397479109314.0
Valid
Mean
[[0.5733004, 0.060729667373968454], [nan, nan], [nan, nan], [0.4288999, 0.051011266322954184], [1.0, 1.055991946861599]]
Count
[41, 0, 0, 39, 80]
acc: %1.0
Max
Min
Money
7374.98515941876
Test
Mean
[[0.52198136, 0.04424520561838772], [nan, nan], [0.5488103, -0.004903308626078708], [0.31845024, 0.04759051059206135], [0.9620253164556962, 1.0437762122183605]]
Count
[43, 0, 3, 33, 79]
acc: %0.9620253164556962
Max
Min
Money
2827.586635121805
