Train
Mean
[[0.80920446, 0.07413241425552117], [1.0899358, -0.01282741854326139], [2.0689042, -0.020062350829245203], [0.8803855, 0.05843263722864682], [0.8419117647058824, 1.0535217541436623]]
Count
[240, 43, 43, 218, 544]
acc: %0.8419117647058824
Max
[[5.028015, 0.7132558882685766], [5.1919556, -8.694896095983744e-05], [7.317009, -0.0005302124332880542], [6.419365, 0.3748610169491525], [True, 1.7132558882685767]]
Min
[[0.0002861023, 2.4108585067086223e-05], [0.017200232, -0.04110329908058414], [0.038118362, -0.10869565217391305], [0.0004916191, 0.00029764630460676867], [False, 0.8913043478260869]]
Money
73910154510756.5
Valid
Mean
[[2.041395, 0.07131040189643657], [1.6013845, -0.005146656538862173], [4.5105705, -0.025909782994537108], [1.6202964, 0.05557517238266637], [0.8481012658227848, 1.0515467812140054]]
Count
[34, 6, 6, 33, 79]
acc: %0.8481012658227848
Max
[[5.028015, 0.1614087415395204], [2.1172333, -8.694896095983744e-05], [7.317009, -0.00631176812557089], [4.7133255, 0.14097119645494827], [True, 1.1614087415395205]]
Min
[[0.020950317, 0.006666666666666772], [0.88166046, -0.016753321779318348], [3.1486206, -0.05675169670021056], [0.0006866455, 0.007730471904926753], [False, 0.9432483032997895]]
Money
4910.792854573658
Test
Mean
[[1.4141674, 0.04835950463363838], [2.339194, -0.018873695024341972], [2.9315548, -0.012562547238951704], [1.7714548, 0.053024871339451676], [0.8227848101265823, 1.0387374116568555]]
Count
[37, 6, 8, 28, 79]
acc: %0.8227848101265823
Max
[[3.6196594, 0.1363237872589129], [3.8454437, -0.009588434872399932], [5.9552765, -0.0033377837116154558], [6.4193497, 0.10322509872751204], [True, 1.136323787258913]]
Min
[[0.16106415, 0.010249444307236334], [1.0040894, -0.03974411324350077], [0.6136551, -0.031465960888104695], [0.03437805, 0.005954214146391523], [False, 0.9602558867564992]]
Money
1898.8821788104465
