Train
Mean
[[0.11687161, 0.028133698782492902], [0.124544844, -0.0016457164098217152], [nan, nan], [0.118748665, 0.022892523638521466], [0.9506099375185957, 1.0240571184232248]]
Count
[1524, 166, 0, 1671, 3361]
acc: %0.9506099375185957
Max
Min
Money
1.3674124929374483e+36
Valid
Mean
[[0.25885013, 0.024327736666118448], [0.26949486, -0.0015781149405579215], [nan, nan], [0.27045467, 0.020452174020989783], [0.9482071713147411, 1.0210636584979698]]
Count
[227, 26, 0, 249, 502]
acc: %0.9482071713147411
Max
Min
Money
3059656.40218887
Test
Mean
[[0.21604292, 0.020408311734879996], [0.28660408, -0.0012044960153716933], [nan, nan], [0.22175871, 0.019598148456695264], [0.9481037924151696, 1.01889696971582]]
Count
[234, 26, 0, 241, 501]
acc: %0.9481037924151696
Max
Min
Money
1053029.9200765647
