Train
Mean
[[0.4737686, 0.07024657032137653], [0.6527423, -0.005269759464546493], [0.20039754, -0.008397985484943967], [0.33871868, 0.05411720171214329], [0.9490566037735849, 1.0588835387889362]]
Count
[257, 22, 5, 246, 530]
acc: %0.9490566037735849
Max
[[2.1733627, 0.7132558882685766], [1.627594, -8.694896095983744e-05], [0.47869682, -0.005209404345739976], [1.434021, 0.3748610169491525], [True, 1.7132558882685767]]
Min
[[0.00027275085, 0.002432885906040261], [0.0154109, -0.012368505944278746], [0.019121885, -0.010746606334841566], [0.00066947937, 0.00029764630460676867], [False, 0.9876314940557213]]
Money
607433998632249.4
Valid
Mean
[[1.1467998, 0.06997048317526416], [1.0361176, -0.0014680737722757345], [nan, nan], [0.77246857, 0.05305632313470578], [0.948051948051948, 1.0572531482473024]]
Count
[32, 4, 0, 41, 77]
acc: %0.948051948051948
Max
Min
Money
6847.254017693302
Test
Mean
[[0.96884096, 0.04576552530686665], [1.1515375, -0.011070647035548808], [nan, nan], [0.5211893, 0.043024397298733676], [0.9605263157894737, 1.0422956980791853]]
Count
[39, 3, 0, 34, 76]
acc: %0.9605263157894737
Max
Min
Money
2234.170078202094
