Train
Mean
[[3.7779565, 0.04872736521630751], [5.9443145, -0.009306076765863489], [6.9989424, -0.01221210865766286], [4.6188807, 0.04215111072406594], [0.8660287081339713, 1.0382496902382292]]
Count
[299, 53, 31, 244, 627]
acc: %0.8660287081339713
Max
[[25.93982, 0.703021472392638], [31.34967, -0.0001171276476226491], [21.987, -0.0006968641114982843], [49.42108, 0.34078916279436083], [True, 1.703021472392638]]
Min
[[0.00038528442, 0.00020083057788985957], [0.13262177, -0.04214740249754029], [0.2233944, -0.03723276628529693], [0.004211426, 6.201125341070632e-05], [False, 0.9578525975024597]]
Money
752970099924.6332
Valid
Mean
[[6.2684164, 0.03342692021794733], [11.517829, -0.012275423563702354], [13.905762, -0.01944822875081414], [6.797842, 0.030643424980264185], [0.8804347826086957, 1.0265661082971063]]
Count
[40, 9, 2, 41, 92]
acc: %0.8804347826086957
Max
[[18.917664, 0.09627813683975928], [20.931824, -0.003807911994922808], [21.987, -0.007679340700505756], [49.42108, 0.08644573031737675], [True, 1.0962781368397594]]
Min
[[0.19607544, 0.002001539645881377], [4.3114014, -0.025252525252525252], [5.824524, -0.03121711680112253], [0.48706055, 0.0013302926643862512], [False, 0.9687828831988775]]
Money
1067.8775459493766
Test
Mean
[[4.538574, 0.03151346880926044], [5.4452515, -0.011978872852280031], [7.6204276, -0.01130091417490524], [6.161325, 0.03315565222783356], [0.8571428571428571, 1.026030724637502]]
Count
[40, 7, 6, 38, 91]
acc: %0.8571428571428571
Max
[[14.546692, 0.0985837267425715], [6.465637, -0.0014680694886225172], [11.748291, -0.0006968641114982843], [22.823029, 0.12789641072239893], [True, 1.127896410722399]]
Min
[[0.10638428, 0.0013444474321054048], [2.1509705, -0.014986705342035264], [3.9706116, -0.025967281225655673], [0.39813232, 0.0002688172043011364], [False, 0.9740327187743443]]
Money
995.3664936272295
