Train
Mean
[[2.9554667, 0.04409710864019345], [2.56728, -0.005163359274203405], [3.3179116, -0.007243148180427017], [3.5215669, 0.043321641460292624], [0.9224683544303798, 1.0398669771055742]]
Count
[342, 14, 35, 241, 632]
acc: %0.9224683544303798
Max
[[26.42279, 0.703021472392638], [7.9222107, -0.0013204576728995151], [11.473816, -6.201125341070632e-05], [47.590454, 0.34078916279436083], [True, 1.703021472392638]]
Min
[[0.007698059, 0.0001171276476226491], [0.05316925, -0.01579792734713627], [0.20326233, -0.029005218163650606], [0.010250092, 0.0009045680687471416], [False, 0.9709947818363494]]
Money
2527797437618.3594
Valid
Mean
[[4.4104323, 0.030078077266589412], [3.9596863, -0.003807911994922808], [3.100891, -0.00451637479958469], [4.109864, 0.031691857336196824], [0.967391304347826, 1.0296768825868075]]
Count
[48, 1, 2, 41, 92]
acc: %0.967391304347826
Max
[[13.154358, 0.09627813683975928], [3.9596863, -0.003807911994922808], [5.100952, -0.0013534088986636242], [27.424438, 0.08644573031737675], [True, 1.0962781368397594]]
Min
[[0.274292, 0.002001539645881377], [3.9596863, -0.003807911994922808], [1.1008301, -0.007679340700505756], [0.013702393, 0.0013302926643862512], [False, 0.9923206592994942]]
Money
1421.6034213134747
Test
Mean
[[4.295424, 0.028434598730247774], [nan, nan], [4.435791, -0.0037727266742234554], [3.6215358, 0.033560426572717676], [0.9456521739130435, 1.0288571058914864]]
Count
[48, 0, 5, 39, 92]
acc: %0.9456521739130435
Max
Min
Money
1324.6359607897195
