Train
Mean
[[1.6197699, 0.016261515597116978], [2.9432502, -0.0050756116991510485], [3.2329922, -0.005600963655686747], [3.015312, 0.020689306812813897], [0.7959236326109391, 1.0131392320836865]]
Count
[1928, 130, 661, 1157, 3876]
acc: %0.7959236326109391
Max
[[17.232178, 0.21733102874029983], [21.269592, -0.0], [19.92517, -3.100006200009581e-05], [24.670807, 0.14108547456738335], [True, 1.2173310287402999]]
Min
[[0.00020599365, 1.7878772979768728e-05], [0.0062561035, -0.04290765560460101], [0.0058727264, -0.03641350944441337], [7.247925e-05, 1.773521326589819e-05], [False, 0.957092344395399]]
Money
3.1721223883057333e+23
Valid
Mean
[[2.3926268, 0.012443219007555345], [4.0203576, -0.003980977593862876], [4.767498, -0.004959958453592374], [4.8595223, 0.016235805256252216], [0.7668393782383419, 1.0094555015528284]]
Count
[284, 13, 122, 160, 579]
acc: %0.7668393782383419
Max
[[11.324524, 0.08994974874371862], [10.496704, -0.0], [15.130432, -0.0001844678103671329], [18.126099, 0.06578083989501315], [True, 1.0899497487437186]]
Min
[[0.012817383, 0.0001575051189164006], [1.0665283, -0.013010158617002235], [0.49539185, -0.019095131601582504], [0.0753479, 0.001332064700285529], [False, 0.9809048683984175]]
Money
20898.64229473811
Test
Mean
[[1.7826121, 0.011009781153220448], [2.2660244, -0.0004213919222400462], [3.8697963, -0.005001887846237709], [3.8723335, 0.017408054593675632], [0.801038062283737, 1.0097567316848224]]
Count
[297, 12, 103, 166, 578]
acc: %0.801038062283737
Max
[[11.055115, 0.0632669757294791], [7.4804688, -0.0], [12.982971, -0.0002247191011236466], [11.448914, 0.08542319749216298], [True, 1.085423197492163]]
Min
[[0.0056762695, 0.00020060180541629435], [0.0062561035, -0.0026034886748242643], [0.2366333, -0.020751542344363525], [0.006500244, 0.00025043826696724954], [False, 0.9792484576556365]]
Money
24680.470108124657
