Train
Mean
[[0.12663761, 0.01568587750090547], [1.6332806, -1.8567436249149408e-05], [0.17472187, -0.00034566289922202177], [0.1485603, 0.015659370240625747], [0.9836872087001554, 1.01541335883077]]
Count
[2036, 13, 50, 1763, 3862]
acc: %0.9836872087001554
Max
[[1.2695007, 0.21733102874029983], [16.148743, -0.0], [0.6621094, -1.964597945025971e-05], [4.038849, 0.14108547456738335], [True, 1.2173310287402999]]
Min
[[2.861023e-05, 9.897135768885411e-06], [0.00620842, -0.0002413766712389423], [0.006629944, -0.0008685507536861856], [0.0, 1.773521326589819e-05], [False, 0.9991314492463138]]
Money
1.7253338179305074e+27
Valid
Mean
[[0.23963119, 0.01210030244136702], [0.28411865, 0.0], [0.27418518, -0.00034283104993024547], [0.25706327, 0.011597379653153822], [0.9878682842287695, 1.0117093738574225]]
Count
[294, 1, 6, 276, 577]
acc: %0.9878682842287695
Max
[[0.5720825, 0.08994974874371862], [0.28411865, -0.0], [0.33584595, -0.0001844678103671329], [0.631958, 0.06578083989501315], [True, 1.0899497487437186]]
Min
[[0.006713867, 0.0001575051189164006], [0.28411865, -0.0], [0.20281982, -0.0004662004662004397], [0.02154541, 0.00041143797572525294], [False, 0.9995337995337995]]
Money
75316.26347541332
Test
Mean
[[0.16127896, 0.010948473968285171], [2.2640448, 0.0], [0.22979736, -0.0002764218793846294], [0.196623, 0.01302635813039047], [0.9722222222222222, 1.0115825316586693]]
Count
[299, 9, 7, 261, 576]
acc: %0.9722222222222222
Max
[[0.50213623, 0.0632669757294791], [16.148743, -0.0], [0.33276367, -0.0002247191011236466], [4.038849, 0.08542319749216298], [True, 1.085423197492163]]
Min
[[0.00045776367, 0.00020060180541629435], [0.018249512, -0.0], [0.14276123, -0.0004640371229698112], [0.0010375977, 0.0002296211251435654], [False, 0.9995359628770302]]
Money
69297.039414491
