Train
Mean
[[0.82840145, 0.04490964426316896], [0.5971743, -0.0013880114084545505], [1.3438718, -0.002418574682349034], [0.85102975, 0.039963678494862404], [0.967373572593801, 1.0412492070935915]]
Count
[328, 13, 7, 265, 613]
acc: %0.967373572593801
Max
[[8.460754, 0.703021472392638], [2.4446106, -0.0001171276476226491], [2.8019104, -6.201125341070632e-05], [6.828125, 0.34078916279436083], [True, 1.703021472392638]]
Min
[[0.000289917, 0.00034099433949404194], [0.05298996, -0.003807911994922808], [0.017194748, -0.007451564828614009], [0.0013923645, 0.0001337077149351568], [False, 0.992548435171386]]
Money
2793693394998.7886
Valid
Mean
[[1.2991441, 0.031261275315025275], [2.4446106, -0.003807911994922808], [nan, nan], [1.3358041, 0.030268137684268243], [0.9887640449438202, 1.0303874089618512]]
Count
[45, 1, 0, 43, 89]
acc: %0.9887640449438202
Max
Min
Money
1385.9999697131846
Test
Mean
[[0.8953645, 0.027234712955142744], [nan, nan], [1.2318573, -0.0020817653890824904], [1.0034804, 0.03150351878711085], [0.9775280898876404, 1.028542444218314]]
Count
[46, 0, 2, 41, 89]
acc: %0.9775280898876404
Max
Min
Money
1187.110623102952
