Train
Mean
[[1.3294278, 0.019610290150914443], [1.2821887, -0.004703299667352107], [2.0532143, -0.003784187511362988], [1.6518661, 0.015631416125010476], [0.8374130378768359, 1.0138773749924639]]
Count
[1498, 562, 69, 1752, 3881]
acc: %0.8374130378768359
Max
[[16.126465, 0.21733102874029983], [19.404602, -0.0], [14.29538, -0.00016903313049356026], [21.143616, 0.14108547456738335], [True, 1.2173310287402999]]
Min
[[0.00022888184, 1.7878772979768728e-05], [0.02549553, -0.031220345416587605], [0.027339935, -0.03495222686895201], [0.00018310547, 1.773521326589819e-05], [False, 0.965047773131048]]
Money
5.941489097151939e+24
Valid
Mean
[[1.7279826, 0.01432369742330284], [2.438121, -0.0023081451904623106], [1.8871002, -0.002510532096953825], [2.27552, 0.01142852739472914], [0.903448275862069, 1.0113194981678124]]
Count
[244, 54, 2, 280, 580]
acc: %0.903448275862069
Max
[[7.1777954, 0.08994974874371862], [5.694641, -0.0], [2.4001465, -0.0016290435187339741], [17.02414, 0.06578083989501315], [True, 1.0899497487437186]]
Min
[[0.0368042, 0.00017021276595748552], [0.2862854, -0.008558387219475086], [1.374054, -0.0033920206751736756], [0.104003906, 0.0001844678103671329], [False, 0.9914416127805249]]
Money
62152.843675262746
Test
Mean
[[1.21595, 0.01247161427138895], [1.9836181, -0.0017644247035434387], [1.2183183, -0.0018096601321107074], [2.1614926, 0.012947572098426962], [0.8929188255613126, 1.0111620285826812]]
Count
[255, 55, 7, 262, 579]
acc: %0.8929188255613126
Max
[[6.7325134, 0.0632669757294791], [5.9453735, -0.0], [1.9763184, -0.0002321262766945746], [10.387238, 0.08542319749216298], [True, 1.085423197492163]]
Min
[[0.005554199, 0.00024015369836700946], [0.4399109, -0.005715705765407583], [0.12200928, -0.0036936715094804235], [0.006378174, 0.0002247191011236466], [False, 0.9942842942345924]]
Money
56225.427636714114
