Train
Mean
[[128.79459, 0.011656213688625476], [172.3291, -0.002098827135458044], [202.52884, -0.002220649929073975], [141.59962, 0.011461588397367545], [0.9149703684617366, 1.0103962970378764]]
Count
[1848, 173, 157, 1703, 3881]
acc: %0.9149703684617366
Max
[[1473.6992, 0.14749018714543174], [1267.2539, -0.0], [994.03125, -1.8477787542913644e-06], [1865.9414, 0.1052837629537191], [True, 1.1474901871454317]]
Min
[[0.083984375, 1.2713808698855187e-05], [5.5976562, -0.032995564320677746], [1.4677734, -0.01990646989487843], [0.3701172, 2.326501175357064e-07], [False, 0.9670044356793223]]
Money
1.3874605707976192e+19
Valid
Mean
[[141.22418, 0.010140353308987283], [231.80525, -0.0015904681506022436], [191.46777, -0.0016556583105320532], [139.98842, 0.010093663158197262], [0.9224137931034483, 1.0092066562769622]]
Count
[276, 21, 24, 259, 580]
acc: %0.9224137931034483
Max
[[840.04297, 0.07167952792001656], [1192.4609, -8.631663561426222e-05], [621.79297, -1.7060579765615466e-05], [789.4219, 0.09148576923076927], [True, 1.0914857692307693]]
Min
[[1.25, 0.00012831709875678001], [17.335938, -0.004638029073305483], [44.878906, -0.0063124051147130135], [0.3984375, 3.539122482698141e-05], [False, 0.993687594885287]]
Money
18628.2995960217
Test
Mean
[[148.47836, 0.00968889870349337], [174.60788, -0.0014819187282427019], [168.14136, -0.001081912193517147], [125.60464, 0.010389858395615454], [0.9222797927461139, 1.0091563632716156]]
Count
[275, 13, 32, 259, 579]
acc: %0.9222797927461139
Max
[[751.59375, 0.06499015877694916], [386.78516, -0.0], [994.03125, -6.0449881990319284e-05], [657.53516, 0.06209716453767402], [True, 1.0649901587769492]]
Min
[[0.2109375, 3.9865964163699236e-05], [29.179688, -0.006611400122181629], [50.097656, -0.003500269525848534], [1.484375, 2.326501175357064e-07], [False, 0.9933885998778184]]
Money
17952.001183883443
