Train
Mean
[[407.98303, 0.033715681346491964], [800.3686, -0.010137621409624521], [652.3705, -0.007411557697646476], [451.34238, 0.028692107567998806], [0.8354430379746836, 1.0245670482130622]]
Count
[267, 71, 33, 261, 632]
acc: %0.8354430379746836
Max
[[2404.2266, 0.1953613919484355], [2209.1797, -0.00031180478918143336], [2311.6602, -0.0001766899463420757], [2920.1719, 0.1437507963868193], [True, 1.1953613919484356]]
Min
[[0.45703125, 0.00020896747915647357], [54.01172, -0.035363681498047056], [16.814453, -0.03749000062383958], [0.58203125, 7.696236540317961e-05], [False, 0.9625099993761604]]
Money
333695943.8396908
Valid
Mean
[[678.42865, 0.03192495307896703], [1041.015, -0.010262211238451944], [619.8231, -0.0038143895630199545], [614.7159, 0.028197900393076215], [0.782608695652174, 1.0215429449547522]]
Count
[30, 13, 7, 42, 92]
acc: %0.782608695652174
Max
[[1574.8828, 0.07540776530072389], [1683.1445, -0.004019978718768776], [1749.168, -0.00033224676207571727], [1984.8164, 0.08876862352943574], [True, 1.0887686235294358]]
Min
[[60.558594, 0.0029148375002378745], [544.96875, -0.021167362028717447], [63.015625, -0.008519191790447772], [60.32422, 0.001667169370814229], [False, 0.9788326379712825]]
Money
685.7499933576034
Test
Mean
[[325.41986, 0.030683039201395115], [741.75867, -0.010262567981550211], [854.54767, -0.012024947771911028], [380.25122, 0.026570401516542132], [0.75, 1.0186521577211345]]
Count
[31, 18, 5, 38, 92]
acc: %0.75
Max
[[821.20703, 0.14485582800848934], [1727.9062, -0.0005650260706234225], [1382.9258, -0.0026122429413982266], [1518.8203, 0.10411763158690417], [True, 1.1448558280084893]]
Min
[[22.386719, 0.0020085428265793005], [83.765625, -0.028918113042117225], [336.4453, -0.02350215470423551], [2.9101562, 0.00029314629532011275], [False, 0.9710818869578828]]
Money
522.8274774190745
