Train
Mean
[[172.19568, 0.028842606147006934], [nan, nan], [207.04024, -0.0024479414620908776], [180.2788, 0.03032159824654635], [0.9363784665579119, 1.0274526186690796]]
Count
[325, 0, 39, 249, 613]
acc: %0.9363784665579119
Max
Min
Money
1243174710.6625345
Valid
Mean
[[249.38321, 0.023654339440803536], [nan, nan], [289.88004, -0.0025638463710786524], [250.09747, 0.02866171052242683], [0.9213483146067416, 1.0239552639885003]]
Count
[40, 0, 7, 42, 89]
acc: %0.9213483146067416
Max
Min
Money
800.1147211127786
Test
Mean
[[172.3514, 0.02361239567166515], [nan, nan], [247.60677, -0.002312138873693351], [184.36739, 0.027227108740074977], [0.9662921348314607, 1.0243225103461808]]
Count
[47, 0, 3, 39, 89]
acc: %0.9662921348314607
Max
Min
Money
819.377296312027
