Train
Mean
[[147.88133, 0.011791096616455339], [285.39404, -0.0032040838062958946], [298.66696, -0.003771706146567113], [211.25256, 0.012949176513578799], [0.8250773993808049, 1.0095199154560015]]
Count
[1797, 222, 456, 1401, 3876]
acc: %0.8250773993808049
Max
[[1689.1133, 0.14749018714543174], [1978.2305, -0.0], [1874.0938, -1.8477787542913644e-06], [2709.504, 0.1052837629537191], [True, 1.1474901871454317]]
Min
[[0.0625, 1.2713808698855187e-05], [4.838867, -0.032995564320677746], [1.5576172, -0.02465588640492221], [0.3935547, 2.326501175357064e-07], [False, 0.9670044356793223]]
Money
4.411534178789016e+17
Valid
Mean
[[199.52464, 0.010200554038237056], [376.62158, -0.0030186282053471453], [428.27783, -0.00408473732012087], [251.59438, 0.010978051432252884], [0.8324697754749568, 1.0081621779904242]]
Count
[263, 33, 64, 219, 579]
acc: %0.8324697754749568
Max
[[1152.3125, 0.07167952792001656], [1978.2305, -0.00033067364200218755], [1298.8555, -1.7060579765615466e-05], [1122.2461, 0.09148576923076927], [True, 1.0914857692307693]]
Min
[[1.9726562, 8.631663561426222e-05], [33.0, -0.011041885676741183], [2.9296875, -0.01594043867904359], [1.65625, 3.539122482698141e-05], [False, 0.9840595613209564]]
Money
10093.168948431005
Test
Mean
[[153.86182, 0.010120918200578356], [205.5897, -0.0018669055277664031], [306.27533, -0.0032785613559493066], [190.59314, 0.011418413378666455], [0.8269896193771626, 1.0083604205472212]]
Count
[260, 28, 72, 218, 578]
acc: %0.8269896193771626
Max
[[1020.9922, 0.06499015877694916], [829.4219, -0.0], [1874.0938, -6.0449881990319284e-05], [1000.4922, 0.06209716453767402], [True, 1.0649901587769492]]
Min
[[0.0546875, 3.9865964163699236e-05], [24.871094, -0.008761932507521518], [28.910156, -0.019244976572204947], [2.8359375, 2.326501175357064e-07], [False, 0.9807550234277951]]
Money
11229.864445780026
