Train
Mean
[[360.86096, 0.03308325110003501], [675.54486, -0.010206868413137492], [860.8981, -0.00864409237174782], [417.17932, 0.02893810531144119], [0.8452950558213717, 1.024785840890902]]
Count
[274, 60, 37, 256, 627]
acc: %0.8452950558213717
Max
[[2373.7695, 0.1953613919484355], [2083.379, -0.00031180478918143336], [2366.754, -0.0001766899463420757], [2370.1328, 0.1437507963868193], [True, 1.1953613919484356]]
Min
[[0.66015625, 0.00020896747915647357], [35.635742, -0.035363681498047056], [109.56738, -0.03749000062383958], [0.37890625, 7.696236540317961e-05], [False, 0.9625099993761604]]
Money
338832687.05275524
Valid
Mean
[[453.88025, 0.02708142386902257], [877.0335, -0.009806477448286362], [910.7941, -0.006527714136691873], [596.167, 0.028855588969452027], [0.8152173913043478, 1.0213929446814016]]
Count
[35, 7, 10, 40, 92]
acc: %0.8152173913043478
Max
[[1543.625, 0.07540776530072389], [1366.3594, -0.004761994356537178], [2068.7383, -0.00033224676207571727], [1890.2891, 0.08876862352943574], [True, 1.0887686235294358]]
Min
[[7.1289062, 0.0029148375002378745], [474.86328, -0.021167362028717447], [338.84375, -0.019183431884852768], [10.503906, 0.001667169370814229], [False, 0.9788326379712825]]
Money
678.1287213973569
Test
Mean
[[252.2577, 0.02757547588466678], [792.236, -0.011562298234770216], [818.9096, -0.009670363762426717], [402.68457, 0.027836318059754697], [0.7912087912087912, 1.0196525764488455]]
Count
[36, 12, 7, 36, 91]
acc: %0.7912087912087912
Max
[[715.72656, 0.14485582800848934], [1733.7148, -0.003566213808853783], [1625.9414, -0.0026122429413982266], [1299.4844, 0.10411763158690417], [True, 1.1448558280084893]]
Min
[[4.25, 0.0005650260706234225], [347.78125, -0.028918113042117225], [252.67969, -0.02350215470423551], [0.37890625, 0.00029314629532011275], [False, 0.9710818869578828]]
Money
562.1404111677763
