Train
Mean
[[29.582504, 0.011116963156969802], [65.21412, -0.0007112237757272665], [45.337013, -0.000583201744391244], [31.814114, 0.011174710193798145], [0.9671154842050751, 1.010757146940324]]
Count
[1963, 47, 80, 1772, 3862]
acc: %0.9671154842050751
Max
[[432.96875, 0.14749018714543174], [590.4414, -0.0], [285.67578, -1.8477787542913644e-06], [527.2578, 0.1052837629537191], [True, 1.1474901871454317]]
Min
[[0.015625, 1.2713808698855187e-05], [1.6230469, -0.003023325995708946], [0.8017578, -0.002374038858251573], [0.0078125, 2.326501175357064e-07], [False, 0.996976674004291]]
Money
4.5984166131329e+19
Valid
Mean
[[36.620834, 0.009630074296722817], [89.73568, -0.0007361214758499071], [54.6722, -0.0004034295903045642], [37.042076, 0.00981772205496159], [0.9688041594454073, 1.00940174383087]]
Count
[288, 6, 12, 271, 577]
acc: %0.9688041594454073
Max
[[169.15625, 0.07167952792001656], [147.13281, -8.631663561426222e-05], [102.078125, -1.7060579765615466e-05], [162.71484, 0.09148576923076927], [True, 1.0914857692307693]]
Min
[[0.0859375, 0.0001182399913262402], [37.54297, -0.0015625389499771514], [22.40625, -0.0010038142020553575], [0.0078125, 3.539122482698141e-05], [False, 0.9984374610500228]]
Money
20306.930590920623
Test
Mean
[[29.58313, 0.009516864368543883], [147.39192, -0.0003126304162302103], [49.48943, -0.000649454197401902], [31.202105, 0.009967970763151996], [0.9600694444444444, 1.0093274486654251]]
Count
[281, 6, 17, 272, 576]
acc: %0.9600694444444444
Max
[[196.9375, 0.06499015877694916], [590.4414, -0.0], [148.1836, -0.00012533487247392248], [527.2578, 0.06209716453767402], [True, 1.0649901587769492]]
Min
[[0.19140625, 3.9865964163699236e-05], [19.933594, -0.001671473289311236], [9.996094, -0.0016372381197094802], [0.0625, 2.326501175357064e-07], [False, 0.9983285267106887]]
Money
19280.82694789088
