Train
Mean
[[18.297523, 0.03934107021998412], [26.081673, -0.006014505323553813], [20.908112, -0.00798189356497107], [21.725332, 0.0423682261576406], [0.9178515007898894, 1.0366240060053757]]
Count
[346, 15, 37, 235, 633]
acc: %0.9178515007898894
Max
[[108.615234, 0.2633288653351714], [83.77759, -0.0], [54.601562, -0.0006842877870246129], [203.92773, 0.2773720248765211], [True, 1.277372024876521]]
Min
[[0.12145996, 0.00011117596375653469], [1.0183411, -0.021401358540720464], [3.0733337, -0.021483375959079284], [0.025268555, 0.0010511054729974959], [False, 0.9785166240409208]]
Money
505565496884.21796
Valid
Mean
[[17.62187, 0.031229243396123166], [30.976318, -0.0052470095358473825], [36.960876, -0.008097311914595614], [30.343431, 0.03091968239463589], [0.9456521739130435, 1.028978226034832]]
Count
[44, 1, 4, 43, 92]
acc: %0.9456521739130435
Max
[[81.65576, 0.09281489036206028], [30.976318, -0.0052470095358473825], [54.601562, -0.0064795401076888064], [124.60962, 0.10688752113329734], [True, 1.1068875211332974]]
Min
[[0.96533203, 0.0029325321521866616], [30.976318, -0.0052470095358473825], [27.180908, -0.010217568775835567], [0.036376953, 0.003828365214844873], [False, 0.9897824312241644]]
Money
1338.678967268081
Test
Mean
[[26.591797, 0.03174499126496273], [35.435352, -0.0040032194823127806], [25.460255, -0.002810626856870832], [24.994715, 0.03631395738832369], [0.8913043478260869, 1.0297616499847324]]
Count
[45, 5, 5, 37, 92]
acc: %0.8913043478260869
Max
[[71.736084, 0.116234011900076], [54.807373, -0.0], [44.69458, -0.0006842877870246129], [97.923584, 0.14437210975918544], [True, 1.1443721097591855]]
Min
[[1.232666, 0.0016918615764407684], [24.891846, -0.008010527653538515], [8.946777, -0.004328762450338406], [0.6984863, 0.005702505504626732], [False, 0.9919894723464615]]
Money
1426.6459636234686
