Train
Mean
[[0.834111, 0.014486425453972425], [31.736677, -6.104198971315494e-05], [0.9840461, -0.0002694005065874459], [0.8330718, 0.014654619276563176], [0.9865319865319865, 1.0143654380902298]]
Count
[2033, 7, 45, 1776, 3861]
acc: %0.9865319865319865
Max
[[13.237305, 0.10600655611261092], [152.03491, -0.0], [3.5605469, -2.492305008284647e-05], [6.6989746, 0.11968108431333459], [True, 1.1196810843133347]]
Min
[[0.0036315918, 2.1164533080077208e-05], [0.14611816, -0.00030466215437304715], [0.059890747, -0.0009166836422897817], [0.00012207031, 2.6716148211395796e-05], [False, 0.9990833163577102]]
Money
3.730324048216518e+25
Valid
Mean
[[1.4812433, 0.011606264804059033], [0.35253906, -4.9551946087496885e-05], [1.8747559, -0.0001922224047991811], [1.4248756, 0.010962608523686046], [0.9861351819757366, 1.0111316975086757]]
Count
[290, 1, 7, 279, 577]
acc: %0.9861351819757366
Max
[[4.727539, 0.08475752723138888], [0.35253906, -4.9551946087496885e-05], [3.1074219, -0.00013082430996026216], [4.159424, 0.08242526102522184], [True, 1.084757527231389]]
Min
[[0.0048828125, 6.490516119661517e-05], [0.35253906, -4.9551946087496885e-05], [1.3459473, -0.00025054262257463353], [0.0234375, 2.6716148211395796e-05], [False, 0.9997494573774254]]
Money
54235.77645206955
Test
Mean
[[1.0650772, 0.011647097411583441], [73.35303, 0.0], [1.182997, -0.0001329938233689861], [1.0760987, 0.013922073909675425], [0.9791666666666666, 1.012429270634074]]
Count
[304, 3, 9, 260, 576]
acc: %0.9791666666666666
Max
[[3.3376465, 0.0662364516348929], [152.03491, -0.0], [2.0021973, -2.492305008284647e-05], [3.4875488, 0.07139780046069986], [True, 1.0713978004606999]]
Min
[[0.004638672, 2.1164533080077208e-05], [13.099609, -0.0], [0.56762695, -0.0005061797630058603], [0.023925781, 0.00014375572089086937], [False, 0.9994938202369942]]
Money
111389.2239853044
