Train
Mean
[[23.33588, 0.03955983443873134], [31.38356, -0.005508519355543105], [55.31071, -0.012128910353386648], [30.874882, 0.04316819424994156], [0.8973143759873617, 1.0357068341752032]]
Count
[344, 17, 48, 224, 633]
acc: %0.8973143759873617
Max
[[155.04883, 0.2633288653351714], [100.96484, -0.0], [155.02661, -0.0010511054729974959], [206.2688, 0.2773720248765211], [True, 1.277372024876521]]
Min
[[0.052246094, 9.61009906090112e-05], [0.98828125, -0.021401358540720464], [2.166809, -0.05528792338626099], [0.030792236, 0.0006842877870246129], [False, 0.944712076613739]]
Money
282835389093.1981
Valid
Mean
[[27.205921, 0.032378483564698024], [43.678387, -0.006479136415983096], [78.87435, -0.010739855041481117], [51.496887, 0.03523020943228435], [0.8369565217391305, 1.02657215184893]]
Count
[42, 3, 12, 35, 92]
acc: %0.8369565217391305
Max
[[115.59619, 0.09281489036206028], [52.979492, -0.004409967728122454], [155.02661, -0.004539745276993114], [206.2688, 0.10688752113329734], [True, 1.1068875211332974]]
Min
[[0.703125, 0.0029325321521866616], [33.09253, -0.009780431983979451], [21.432617, -0.025992814486379936], [0.37036133, 0.003828365214844873], [False, 0.9740071855136201]]
Money
1072.8362479744078
Test
Mean
[[31.64993, 0.030566622033350435], [46.503174, -0.003969822922472125], [66.06091, -0.011006605183032725], [32.000465, 0.0389876095569376], [0.8586956521739131, 1.027850643704258]]
Count
[47, 3, 10, 32, 92]
acc: %0.8586956521739131
Max
[[155.04883, 0.116234011900076], [76.568115, -0.0], [148.02295, -0.002771027015906192], [118.551025, 0.14437210975918544], [True, 1.1443721097591855]]
Min
[[0.76953125, 9.61009906090112e-05], [26.220947, -0.006392191370347745], [18.764648, -0.026763769365957406], [1.1459961, 0.0006842877870246129], [False, 0.9732362306340426]]
Money
1196.6034213177677
