Train
Mean
[[11.934318, 0.018738060621225947], [15.137073, -0.00421145437244687], [10.014457, -0.004684591863958812], [14.896119, 0.014408980562697897], [0.8347938144329897, 1.0129349082846133]]
Count
[1439, 613, 28, 1800, 3880]
acc: %0.8347938144329897
Max
[[145.74292, 0.10600655611261092], [136.14087, -0.0], [43.94214, -4.236782202438358e-05], [114.83911, 0.11968108431333459], [True, 1.1196810843133347]]
Min
[[0.015106201, 0.00011374838856439188], [0.7409668, -0.034679719089167914], [0.62872314, -0.0380918544693355], [0.016845703, 2.492305008284647e-05], [False, 0.9619081455306645]]
Money
1.898878530160402e+23
Valid
Mean
[[19.337881, 0.014618048064850285], [25.747328, -0.002989713887271515], [2.8377686, -0.00021352133391914797], [20.911419, 0.01078862817542912], [0.8704663212435233, 1.0104685057334202]]
Count
[220, 73, 2, 284, 579]
acc: %0.8704663212435233
Max
[[67.464355, 0.08475752723138888], [67.70508, -4.9551946087496885e-05], [3.7541504, -0.00017822950661732], [84.33447, 0.08242526102522184], [True, 1.084757527231389]]
Min
[[0.100097656, 0.00048403203782585314], [6.4626465, -0.011063209666646472], [1.9213867, -0.00024881316122097593], [0.33984375, 2.6716148211395796e-05], [False, 0.9889367903333536]]
Money
37693.61545940715
Test
Mean
[[10.472444, 0.01542328414678722], [18.827095, -0.002612804453783243], [32.83435, -0.006087337804404503], [20.614033, 0.013489045991258945], [0.8324697754749568, 1.011494397295944]]
Count
[214, 95, 2, 268, 579]
acc: %0.8324697754749568
Max
[[43.154053, 0.0662364516348929], [72.04028, -0.0], [38.44507, -4.236782202438358e-05], [71.44702, 0.07139780046069986], [True, 1.0713978004606999]]
Min
[[0.115722656, 0.0007776073572677093], [4.3918457, -0.012255208985761372], [27.223633, -0.012132307786784622], [0.021240234, 2.492305008284647e-05], [False, 0.9877447910142386]]
Money
67267.64632038862
