Train
Mean
[[33.06273, 0.013359142725452884], [60.13843, -0.010904231704659383], [55.4523, -0.013390575839184505], [27.50202, 0.011490624998978594], [0.49476439790575916, 1.000205570109117]]
Count
[34, 172, 21, 155, 382]
acc: %0.49476439790575916
Max
[[102.634766, 0.04041480538264299], [190.12793, -0.0], [191.09302, -0.00017205646580379874], [144.48242, 0.07139780046069986], [True, 1.0713978004606999]]
Min
[[0.85595703, 0.00024679361113034276], [7.977295, -0.0662364516348929], [5.855713, -0.07066685790263254], [0.28857422, 4.236782202438358e-05], [False, 0.9293331420973675]]
Money
98.95706404394102
Valid
Mean
[[53.513123, 0.020953321652523855], [57.88503, -0.009374231505790179], [nan, nan], [20.226988, 0.007498836049183003], [0.4909090909090909, 0.9998874187923488]]
Count
[4, 28, 0, 23, 55]
acc: %0.4909090909090909
Max
Min
Money
98.38016335925766
Test
Mean
[[23.51351, 0.008014093319417924], [53.9483, -0.006627115382281053], [20.902832, -0.0006182351973783616], [27.015757, 0.010194214498767276], [0.5, 1.0017737072739257]]
Count
[3, 26, 1, 24, 54]
acc: %0.5
Max
[[59.51123, 0.019592785416660558], [172.6582, -0.0008541624100432937], [20.902832, -0.0006182351973783616], [73.93115, 0.02004942221373312], [True, 1.020049422213733]]
Min
[[5.4350586, 0.0008376086273689164], [17.747314, -0.04488334713360286], [20.902832, -0.0006182351973783616], [2.6218262, 0.00014375572089086937], [False, 0.9551166528663971]]
Money
109.0863270755058
