Train
Mean
[[24.336157, 0.04237038971350315], [48.494488, -0.01041147353861718], [64.344635, -0.015126245233938233], [35.62667, 0.041141863904668084], [0.8662420382165605, 1.0345859540233766]]
Count
[308, 49, 35, 236, 628]
acc: %0.8662420382165605
Max
[[182.80566, 0.2633288653351714], [177.79883, -0.0], [180.22241, -0.0016582831242054061], [358.78857, 0.2773720248765211], [True, 1.277372024876521]]
Min
[[0.055023193, 0.0007950544368905407], [2.4811707, -0.03751128531477755], [1.5267334, -0.05359387006197434], [0.06085205, 0.0006842877870246129], [False, 0.9464061299380256]]
Money
117494324914.56868
Valid
Mean
[[36.424454, 0.03490197059006069], [90.691124, -0.012063116819648998], [83.811714, -0.011803869725835161], [58.148045, 0.0337597109734762], [0.8260869565217391, 1.0262752716796497]]
Count
[37, 7, 9, 39, 92]
acc: %0.8260869565217391
Max
[[107.29492, 0.09281489036206028], [177.79883, -0.0029325321521866616], [180.22241, -0.0064795401076888064], [358.78857, 0.10688752113329734], [True, 1.1068875211332974]]
Min
[[0.6020508, 0.0032808233210688507], [41.154297, -0.03601862531097801], [37.066162, -0.025992814486379936], [0.56347656, 0.003828365214844873], [False, 0.963981374689022]]
Money
1042.0400460369665
Test
Mean
[[29.526327, 0.032801035493629865], [50.268097, -0.008862151700304053], [87.00342, -0.014876558136620026], [37.830883, 0.03686890955482636], [0.8241758241758241, 1.0264220640367727]]
Count
[42, 8, 8, 33, 91]
acc: %0.8241758241758241
Max
[[182.80566, 0.116234011900076], [90.85596, -0.0], [177.33325, -0.002771027015906192], [156.65234, 0.14437210975918544], [True, 1.1443721097591855]]
Min
[[2.9433594, 0.0016918615764407684], [15.590576, -0.03277113249900073], [31.330322, -0.026763769365957406], [1.8955078, 0.0006842877870246129], [False, 0.9672288675009992]]
Money
1022.1821334902284
