Train
Mean
[[4.951505, 0.03799995221545277], [62.64209, 0.0], [6.395121, -0.0026204756018257756], [5.6200447, 0.03866719719898868], [0.988599348534202, 1.0378269276414314]]
Count
[344, 1, 6, 263, 614]
acc: %0.988599348534202
Max
[[20.188232, 0.2633288653351714], [62.64209, -0.0], [10.551025, -0.0006842877870246129], [28.909912, 0.2773720248765211], [True, 1.277372024876521]]
Min
[[0.010314941, 9.61009906090112e-05], [62.64209, -0.0], [1.9538574, -0.0064823205727953396], [0.019256592, 0.0015115852210153288], [False, 0.9935176794272047]]
Money
539290908236.16724
Valid
Mean
[[7.719619, 0.03158428525038013], [nan, nan], [nan, nan], [8.760285, 0.029960168027563874], [1.0, 1.0307361351451314]]
Count
[43, 0, 0, 47, 90]
acc: %1.0
Max
Min
Money
1478.6455207426425
Test
Mean
[[7.2760453, 0.028872249868727974], [62.64209, 0.0], [3.3864746, -0.0006842877870246129], [7.714972, 0.033375054815380126], [0.9775280898876404, 1.0302394791984089]]
Count
[47, 1, 1, 40, 89]
acc: %0.9775280898876404
Max
[[20.188232, 0.116234011900076], [62.64209, -0.0], [3.3864746, -0.0006842877870246129], [28.909912, 0.14437210975918544], [True, 1.1443721097591855]]
Min
[[0.084228516, 9.61009906090112e-05], [62.64209, -0.0], [3.3864746, -0.0006842877870246129], [1.2138672, 0.002771027015906192], [False, 0.9993157122129754]]
Money
1365.0140263141755
