Train
Mean
[[25.244663, 0.023542531735280616], [31.425402, -0.0064342048842352915], [19.37727, -0.0055789267234544965], [20.130215, 0.014480477324994762], [0.7068387096774194, 1.0105942894507913]]
Count
[956, 1093, 43, 1783, 3875]
acc: %0.7068387096774194
Max
[[173.31519, 0.10600655611261092], [189.04419, -0.0], [79.20093, -4.201327619535891e-05], [178.94312, 0.11968108431333459], [True, 1.1196810843133347]]
Min
[[0.010986328, 2.7601435274609178e-05], [0.6547241, -0.044799092676604], [0.056884766, -0.0380918544693355], [0.0017700195, 2.492305008284647e-05], [False, 0.955200907323396]]
Money
2.048206957116467e+19
Valid
Mean
[[44.66255, 0.019647218237936387], [54.220085, -0.005963083636294561], [nan, nan], [36.6118, 0.010714676379334646], [0.6994818652849741, 1.007538583526924]]
Count
[119, 174, 0, 286, 579]
acc: %0.6994818652849741
Max
Min
Money
6922.952179590374
Test
Mean
[[30.907198, 0.020735453025614407], [40.147293, -0.00527811192900188], [38.67461, -0.006829729119045734], [26.55978, 0.013558831530833877], [0.6730103806228374, 1.008925545484975]]
Count
[124, 184, 5, 265, 578]
acc: %0.6730103806228374
Max
[[71.01196, 0.0662364516348929], [88.80908, -0.0], [67.04053, -4.236782202438358e-05], [102.80615, 0.07139780046069986], [True, 1.0713978004606999]]
Min
[[0.7519531, 0.0007776073572677093], [6.0583496, -0.019233657649238123], [8.486084, -0.018127820260214703], [0.092041016, 2.492305008284647e-05], [False, 0.9807663423507619]]
Money
15066.12956011683
