Train
Mean
[[55.96199, 0.0459472399378879], [87.99833, -0.020185897131485483], [65.129166, -0.023554404816347036], [54.41554, 0.04037352397028967], [0.757527733755943, 1.0276647862913613]]
Count
[249, 111, 42, 229, 631]
acc: %0.757527733755943
Max
[[391.10596, 0.2633288653351714], [310.25684, -0.0], [256.49658, -0.0016582831242054061], [390.27832, 0.2773720248765211], [True, 1.277372024876521]]
Min
[[0.065216064, 0.0007950544368905407], [2.3208313, -0.08806703282793199], [4.744995, -0.07099768916595016], [0.18450928, 0.0006842877870246129], [False, 0.911932967172068]]
Money
1642771031.7946837
Valid
Mean
[[95.38638, 0.05094051577128911], [73.3714, -0.007329459339536644], [91.088036, -0.01833849932959613], [88.557945, 0.042195874313976346], [0.6896551724137931, 1.0273401477217896]]
Count
[8, 4, 5, 12, 29]
acc: %0.6896551724137931
Max
[[201.31445, 0.116234011900076], [119.30005, -0.0], [150.87305, -0.00295811500440638], [171.05884, 0.07476737744311021], [True, 1.116234011900076]]
Min
[[33.06128, 0.016418138133557143], [48.465576, -0.018959585066502374], [59.634766, -0.03886412598076673], [34.789062, 0.009753622750165386], [False, 0.9611358740192333]]
Money
214.18304329508513
Test
Mean
[[65.885216, 0.029373210678435346], [67.99496, -0.014501914425234429], [45.0813, -0.010783375010458071], [54.67879, 0.021651843983711828], [0.75, 1.016055366515456]]
Count
[12, 6, 1, 9, 28]
acc: %0.75
Max
[[133.98242, 0.059624178200196325], [85.45068, -0.004055911695452776], [45.0813, -0.010783375010458071], [191.18384, 0.06999727031778771], [True, 1.0699972703177878]]
Min
[[12.68457, 0.004669790289652173], [48.762695, -0.024624505928853825], [45.0813, -0.010783375010458071], [5.98584, 0.0006842877870246129], [False, 0.9753754940711462]]
Money
154.52321529492676
