Train
Mean
[[0.13509914, 0.021075837609024522], [0.18938327, -0.004530679180866349], [0.2926742, -0.007078904383866607], [0.21523654, 0.025154435558923483], [0.8260196179659267, 1.0176196679359752]]
Count
[1882, 83, 591, 1318, 3874]
acc: %0.8260196179659267
Max
[[1.0522156, 0.20725475882980524], [0.7720394, -0.0], [1.2981567, -4.343086457811994e-06], [1.4914169, 0.17071080856948861], [True, 1.2072547588298053]]
Min
[[0.00016593933, 6.292078273455024e-05], [0.007959366, -0.03867642010818751], [0.0015268326, -0.029607754051188855], [0.000118255615, 7.039114010187686e-05], [False, 0.9613235798918125]]
Money
6.782049274882859e+30
Valid
Mean
[[0.13721801, 0.017368028218333015], [0.22408621, -0.003507878285939418], [0.32820728, -0.005841053970188882], [0.2339692, 0.021508183104173722], [0.8065630397236615, 1.014293549259395]]
Count
[277, 14, 98, 190, 579]
acc: %0.8065630397236615
Max
[[0.7524643, 0.09317129629629625], [0.46114922, -0.0], [0.961874, -0.00031142946122697014], [0.9896965, 0.13087095303237578], [True, 1.1308709530323757]]
Min
[[0.00075912476, 0.0003841721091048025], [0.031814575, -0.011352418558736272], [0.036859512, -0.028358208955223892], [0.0013065338, 0.00031230480949422595], [False, 0.9716417910447761]]
Money
320890.36755547265
Test
Mean
[[0.10232264, 0.01652441517358279], [0.11834797, -0.0031188925385974234], [0.23643608, -0.006752744398237614], [0.18304935, 0.023635037532014513], [0.8217993079584776, 1.014770937044972]]
Count
[287, 13, 90, 188, 578]
acc: %0.8217993079584776
Max
[[0.660162, 0.09265584970111007], [0.2615652, -0.0], [0.6032429, -0.00037147102526008776], [0.713953, 0.1113675706866704], [True, 1.1113675706866704]]
Min
[[0.0014572144, 0.0005359056806002982], [0.007959366, -0.01112484548825709], [0.03560543, -0.026641883519206922], [0.004945755, 0.00044762757385861967], [False, 0.9733581164807931]]
Money
412234.80605048075
