Train
Mean
[[0.024218887, 0.021178971505414236], [0.02936814, -0.0006057577314293977], [nan, nan], [0.02134085, 0.019611860744325978], [0.9800518134715026, 1.0199722179254074]]
Count
[1881, 77, 0, 1902, 3860]
acc: %0.9800518134715026
Max
Min
Money
4.688355411246642e+34
Valid
Mean
[[0.028950889, 0.017116930629408722], [0.032553483, -0.0005169116115664202], [nan, nan], [0.02527381, 0.016237721656508535], [0.9826388888888888, 1.016374235857431]]
Count
[280, 10, 0, 286, 576]
acc: %0.9826388888888888
Max
Min
Money
1021437.1522114205
Test
Mean
[[0.020509638, 0.01660165242708399], [0.040421207, -0.0005135837459548341], [nan, nan], [0.01883221, 0.01822667648366427], [0.9704861111111112, 1.0168779938311312]]
Count
[282, 17, 0, 277, 576]
acc: %0.9704861111111112
Max
Min
Money
1352950.3691432194
