Train
Mean
[[0.26857382, 0.05420827933947781], [0.36372676, -0.009413192171236515], [0.43885002, -0.013814161119225359], [0.28046387, 0.0554893031140839], [0.9266347687400319, 1.049855442945008]]
Count
[317, 14, 32, 264, 627]
acc: %0.9266347687400319
Max
[[1.4798222, 0.3309816569240071], [0.82842445, -0.0], [1.152359, -0.0003576563494732281], [1.1090508, 0.3838509608607809], [True, 1.383850960860781]]
Min
[[0.0010604858, 0.0003951007506914881], [0.07710457, -0.023640661938534337], [0.049051285, -0.03480040941658136], [0.0014724731, 5.943418654407896e-05], [False, 0.9651995905834186]]
Money
884053466799560.0
Valid
Mean
[[0.4418699, 0.03610790672017444], [0.46189308, -0.005546751188589563], [0.59790874, -0.01968206481641932], [0.43650857, 0.05624980751824875], [0.9021739130434783, 1.0373718479564864]]
Count
[53, 1, 8, 30, 92]
acc: %0.9021739130434783
Max
[[1.4798222, 0.11239337681886613], [0.46189308, -0.005546751188589563], [1.008358, -0.0042417815482501744], [0.95872116, 0.12885840274375301], [True, 1.128858402743753]]
Min
[[0.0070056915, 0.0003951007506914881], [0.46189308, -0.005546751188589563], [0.1252842, -0.03480040941658136], [0.0014762878, 0.007589025102159895], [False, 0.9651995905834186]]
Money
2735.3237356830437
Test
Mean
[[0.16380368, 0.03669613250756687], [0.4823656, -0.012285567139275961], [0.32950628, -0.012795277179189988], [0.28487834, 0.05237907815766099], [0.8461538461538461, 1.0353031153417267]]
Count
[41, 3, 11, 36, 91]
acc: %0.8461538461538461
Max
[[0.5877476, 0.10923753665689151], [0.82842445, -0.0], [0.6247177, -0.0006565988181221133], [0.91612625, 0.13634110064452157], [True, 1.1363411006445217]]
Min
[[0.0019302368, 0.003460207612456674], [0.2963457, -0.020879940343027543], [0.051477432, -0.025657472738935237], [0.0019445419, 0.005992509363295886], [False, 0.9743425272610647]]
Money
2226.721126715518
