Train
Mean
[[0.123205684, 0.05238936350608073], [0.10961819, -0.0069623098751168426], [0.16858645, -0.003146126654532112], [0.13390215, 0.05401248828364498], [0.9683544303797469, 1.0513354706415579]]
Count
[331, 3, 17, 281, 632]
acc: %0.9683544303797469
Max
[[0.64131737, 0.3309816569240071], [0.16948414, -0.0], [0.42655945, -5.943418654407896e-05], [0.54319763, 0.3838509608607809], [True, 1.383850960860781]]
Min
[[0.0006608963, 0.0003951007506914881], [0.07153416, -0.013168786214162143], [0.008371353, -0.010440497305263538], [0.0002117157, 0.0009726132582545126], [False, 0.9868312137858378]]
Money
2871905841888007.0
Valid
Mean
[[0.15764697, 0.03610790672017444], [nan, nan], [nan, nan], [0.10409336, 0.047711337195275004], [1.0, 1.0410267522476626]]
Count
[53, 0, 0, 39, 92]
acc: %1.0
Max
Min
Money
3828.475545101354
Test
Mean
[[0.083795264, 0.03702445134878529], [0.07153416, 0.0], [0.082686424, -0.002608429702220675], [0.080743134, 0.04491506673872098], [0.967391304347826, 1.039619967425919]]
Count
[44, 1, 2, 45, 92]
acc: %0.967391304347826
Max
[[0.21472359, 0.10923753665689151], [0.07153416, -0.0], [0.08735943, -0.0006565988181221133], [0.23735237, 0.13634110064452157], [True, 1.1363411006445217]]
Min
[[0.0040073395, 0.003460207612456674], [0.07153416, -0.0], [0.07801342, -0.004560260586319237], [0.00438118, 0.005776636713735549], [False, 0.9954397394136808]]
Money
3418.802150260999
