Train
Mean
[[0.13255666, 0.02232307756612778], [0.15138415, -0.0035263434785616716], [0.17429526, -0.0047442388900312766], [0.15746231, 0.02041723646849986], [0.9195668986852281, 1.0193234958811088]]
Count
[1762, 205, 107, 1805, 3879]
acc: %0.9195668986852281
Max
[[1.5296249, 0.20725475882980524], [1.6435318, -0.0], [1.0758724, -0.00011060676317805109], [8.309246, 0.17071080856948861], [True, 1.2072547588298053]]
Min
[[3.2424927e-05, 0.0003418860435445516], [0.011350632, -0.020953757225433592], [0.016788483, -0.029167654730851297], [5.4359436e-05, 4.343086457811994e-06], [False, 0.9708323452691487]]
Money
5.493451683356343e+33
Valid
Mean
[[0.15455051, 0.01782711585692834], [0.16812824, -0.002128082116074102], [0.11635087, -0.00213149492246902], [0.17950216, 0.01673477124449227], [0.9447322970639033, 1.0162015833290332]]
Count
[270, 21, 11, 277, 579]
acc: %0.9447322970639033
Max
[[0.8617115, 0.09317129629629625], [0.40658188, -0.0], [0.18945694, -0.0003700962250184312], [1.1912384, 0.13087095303237578], [True, 1.1308709530323757]]
Min
[[0.0002670288, 0.0006323110970597399], [0.033899307, -0.00876936568254888], [0.027585983, -0.00562927221552073], [0.0019702911, 0.00031142946122697014], [False, 0.9912306343174511]]
Money
968693.1956648391
Test
Mean
[[0.07809611, 0.017310972544010626], [0.07865853, -0.0021169353075973303], [0.115119554, -0.0034014114222550773], [0.123573214, 0.01897824463249122], [0.927461139896373, 1.0166286246335987]]
Count
[273, 27, 15, 264, 579]
acc: %0.927461139896373
Max
[[0.759264, 0.09265584970111007], [0.27586555, -0.0], [0.27853203, -0.00037147102526008776], [0.72471046, 0.1113675706866704], [True, 1.1113675706866704]]
Min
[[0.00017356873, 0.0005750431282345032], [0.023563385, -0.006697578567748532], [0.036251068, -0.012414649286157622], [5.4359436e-05, 0.00042016806722695643], [False, 0.9875853507138423]]
Money
1226464.3038631217
