Train
Mean
[[0.030080043, 0.052836440830200254], [0.04180956, -0.0006701144687258156], [nan, nan], [0.033254664, 0.05136496145138911], [0.9934747145187602, 1.0517911631123358]]
Count
[319, 4, 0, 290, 613]
acc: %0.9934747145187602
Max
Min
Money
1471666820420691.0
Valid
Mean
[[0.0337202, 0.036562023764205795], [0.03498459, -0.0003951007506914881], [nan, nan], [0.04211018, 0.0492166904149455], [0.9887640449438202, 1.0412655167407419]]
Count
[52, 1, 0, 36, 89]
acc: %0.9887640449438202
Max
Min
Money
3468.5131847821085
Test
Mean
[[0.019011315, 0.036319556503649264], [0.00048828125, 0.0], [nan, nan], [0.020270804, 0.04297209828204917], [0.9887640449438202, 1.039349863978961]]
Count
[42, 1, 0, 46, 89]
acc: %0.9887640449438202
Max
Min
Money
2979.1704537788883
