Train
Mean
[[0.8112706, 0.02029216123296841], [0.8253191, -0.004305285725607277], [1.421288, -0.004333908918470974], [0.798528, 0.016808694265321805], [0.8450631606084043, 1.0148713497973263]]
Count
[1486, 535, 66, 1792, 3879]
acc: %0.8450631606084043
Max
[[17.767624, 0.12256513592816494], [5.966751, -0.0], [8.144287, -8.882572392969546e-05], [9.841705, 0.15564179455518315], [True, 1.1556417945551831]]
Min
[[0.0013122559, 0.00022241992882557853], [0.010650635, -0.030460921843687334], [0.13362122, -0.02310101801096317], [0.00062561035, 3.5518931590707355e-05], [False, 0.9695390781563127]]
Money
2.7489169118196268e+26
Valid
Mean
[[0.6786806, 0.016500770789827302], [0.6656108, -0.0017621051705630011], [0.68108726, -0.001968277848672405], [0.86780405, 0.015184954569089675], [0.918825561312608, 1.0143925400669063]]
Count
[259, 32, 15, 273, 579]
acc: %0.918825561312608
Max
[[6.62294, 0.08943577430972392], [2.336319, -0.0], [1.5587006, -0.000557724484104979], [5.434067, 0.13618233618233622], [True, 1.1361823361823362]]
Min
[[0.0013122559, 0.00039824771007564445], [0.010650635, -0.007140023800079379], [0.13362122, -0.004398020890599293], [0.02029419, 0.0005263157894736543], [False, 0.9928599761999206]]
Money
347082.79583411815
Test
Mean
[[0.55126727, 0.015630454519732048], [0.8088933, -0.0030261218578682093], [1.0432568, -0.003750049522107402], [0.5999986, 0.015027861806214186], [0.8117443868739206, 1.0118468167468895]]
Count
[214, 105, 4, 256, 579]
acc: %0.8117443868739206
Max
[[1.8135071, 0.056894889103182175], [2.0826569, -0.0], [1.2350998, -0.0018726591760299892], [3.7527313, 0.08144475920679888], [True, 1.0814447592067988]]
Min
[[0.0032043457, 0.0009727626459144798], [0.18513489, -0.010138248847926214], [0.735939, -0.006622516556291418], [0.004219055, 0.0006863417982154724], [False, 0.9898617511520738]]
Money
82406.38197341301
