Train
Mean
[[0.90565014, 0.01812311033986518], [1.6596692, -0.005288842288190052], [1.7570223, -0.005675671421747862], [1.0415162, 0.01850418466263567], [0.8376355188435726, 1.0144436565990433]]
Count
[1696, 323, 306, 1549, 3874]
acc: %0.8376355188435726
Max
[[18.749329, 0.12256513592816494], [12.241882, -0.0], [15.7716675, -3.5518931590707355e-05], [12.013184, 0.15564179455518315], [True, 1.1556417945551831]]
Min
[[0.00030136108, 0.00022241992882557853], [0.005996704, -0.0369347017029434], [0.024242401, -0.03697478991596635], [0.0011749268, 6.042296072502057e-05], [False, 0.9630252100840336]]
Money
4.8688008951672026e+25
Valid
Mean
[[1.0349498, 0.017196584134272663], [1.2677689, -0.0033485830163137256], [1.9605732, -0.005336389170632254], [1.2485203, 0.015931315612196423], [0.8497409326424871, 1.0134314617782858]]
Count
[243, 48, 39, 249, 579]
acc: %0.8497409326424871
Max
[[7.5804596, 0.08943577430972392], [2.9858704, -0.0], [8.908813, -0.000557724484104979], [8.386597, 0.13618233618233622], [True, 1.1361823361823362]]
Min
[[0.009063721, 0.00039824771007564445], [0.005996704, -0.011117287381878822], [0.29600525, -0.02895752895752896], [0.003967285, 0.0005263157894736543], [False, 0.971042471042471]]
Money
198944.4278701286
Test
Mean
[[0.5440356, 0.013188002929514116], [0.87836677, -0.0032914052528562336], [1.3425624, -0.005358425709137463], [0.6601998, 0.01609264079089916], [0.8546712802768166, 1.011845187752295]]
Count
[264, 55, 29, 230, 578]
acc: %0.8546712802768166
Max
[[3.752617, 0.056894889103182175], [3.5156708, -0.0], [3.9674988, -0.0006863417982154724], [5.5508575, 0.08144475920679888], [True, 1.0814447592067988]]
Min
[[0.00090789795, 0.0007142857142856737], [0.07650757, -0.011627906976744214], [0.15800476, -0.017766497461929005], [0.0028762817, 0.0006910850034553857], [False, 0.982233502538071]]
Money
81367.70968057805
