Train
Mean
[[0.81807226, 0.04507873694779655], [0.8022033, -0.0022643142440581265], [9.95459, -0.008417871789337375], [0.83004093, 0.04097651610569134], [0.9380097879282219, 1.040240045265657]]
Count
[292, 37, 1, 283, 613]
acc: %0.9380097879282219
Max
[[2.891327, 0.301495891565419], [1.8939972, -0.0], [9.95459, -0.008417871789337375], [2.4319916, 0.36754200966052114], [True, 1.367542009660521]]
Min
[[0.05505371, 0.00445186421814141], [0.22539139, -0.006722689075630188], [9.95459, -0.008417871789337375], [0.0070228577, 0.0004120313143798109], [False, 0.9915821282106626]]
Money
1935356243678.7236
Valid
Mean
[[1.082848, 0.03755875246671697], [1.088234, -0.0035972697347979817], [nan, nan], [1.0949303, 0.04041072602601581], [0.9325842696629213, 1.0361621089817818]]
Count
[40, 6, 0, 43, 89]
acc: %0.9325842696629213
Max
Min
Money
2233.4553819391645
Test
Mean
[[0.6981595, 0.03456483907885702], [0.6864217, -0.0010992030777686333], [nan, nan], [0.68630546, 0.03524612462856624], [0.9662921348314607, 1.0336994956824226]]
Count
[42, 3, 0, 44, 89]
acc: %0.9662921348314607
Max
Min
Money
1842.5667646981622
