Train
Mean
[[2.155721, 0.045512924981400034], [3.142627, -0.010998663496003577], [4.113377, -0.011306160251078787], [2.5031168, 0.04546373275818257], [0.8564593301435407, 1.0373611586368428]]
Count
[289, 48, 42, 248, 627]
acc: %0.8564593301435407
Max
[[12.19014, 0.301495891565419], [8.753326, -0.0], [20.298141, -0.0004120313143798109], [19.154022, 0.36754200966052114], [True, 1.367542009660521]]
Min
[[0.00033569336, 7.264274298990923e-05], [0.13841248, -0.03198976327575176], [0.2590294, -0.03924533736588188], [0.00018692017, 0.0012406947890820019], [False, 0.9607546626341181]]
Money
547547362392.35333
Valid
Mean
[[2.246618, 0.03472657510442668], [4.6112037, -0.016188217486702995], [5.5062714, -0.008768328099036176], [2.9665585, 0.04444613051843779], [0.8695652173913043, 1.0325033690346137]]
Count
[42, 7, 5, 38, 92]
acc: %0.8695652173913043
Max
[[7.520172, 0.14410480349344978], [8.753326, -0.002652519893899053], [10.359192, -0.0013726835964309448], [13.774948, 0.13457446808510645], [True, 1.1441048034934498]]
Min
[[0.05836487, 0.0005602240896358225], [0.45370483, -0.03198976327575176], [2.4294891, -0.01982815598149372], [0.31832886, 0.002606429192006926], [False, 0.9680102367242482]]
Money
1776.5569489400166
Test
Mean
[[1.6158972, 0.03810175306246407], [1.5977335, -0.005933804963157869], [3.6082447, -0.014381418021399658], [1.9639243, 0.03841421592068378], [0.8461538461538461, 1.0309039790049082]]
Count
[38, 8, 6, 39, 91]
acc: %0.8461538461538461
Max
[[6.332962, 0.1049562682215743], [2.4192505, -0.0], [5.035469, -0.008348794063079699], [6.9525146, 0.11719352351580563], [True, 1.1171935235158057]]
Min
[[0.018463135, 0.005221932114882457], [0.13841248, -0.011363636363636392], [2.5071106, -0.02129547471162383], [0.03753662, 0.0024449877750611013], [False, 0.9787045252883761]]
Money
1525.929939247576
