Train
Mean
[[1.1364477, 0.043574142491328655], [0.98287743, -0.00467458025547588], [3.157857, -0.007780482083375461], [1.0628797, 0.04258693145565119], [0.9272151898734177, 1.0395474714596908]]
Count
[313, 28, 18, 273, 632]
acc: %0.9272151898734177
Max
[[7.699753, 0.301495891565419], [3.4832153, -0.0], [8.758087, -0.0006580679126085438], [8.421837, 0.36754200966052114], [True, 1.367542009660521]]
Min
[[1.9073486e-05, 7.264274298990923e-05], [0.009544373, -0.021276595744680774], [0.7030029, -0.02014047886996002], [0.0066833496, 0.0004120313143798109], [False, 0.9787234042553192]]
Money
2623394746588.887
Valid
Mean
[[1.195942, 0.03401039062178967], [2.406952, -0.01023517455996358], [2.7222698, -0.003515157015224563], [1.1689777, 0.04305622822875359], [0.9347826086956522, 1.035276914163336]]
Count
[46, 3, 3, 40, 92]
acc: %0.9347826086956522
Max
[[3.1444397, 0.14410480349344978], [3.4832153, -0.00309981401115933], [6.0497437, -0.0013726835964309448], [3.8437195, 0.13457446808510645], [True, 1.1441048034934498]]
Min
[[0.16609192, 0.0005602240896358225], [1.8440247, -0.021276595744680774], [0.7030029, -0.00610687022900772], [0.020553589, 0.002606429192006926], [False, 0.9787234042553192]]
Money
2292.242042090641
Test
Mean
[[0.76748407, 0.03466428329628935], [0.79414177, -0.00409120931104349], [1.4794846, -0.012037833190025722], [0.9211474, 0.03573647945102364], [0.9456521739130435, 1.0329844196429487]]
Count
[43, 4, 1, 44, 92]
acc: %0.9456521739130435
Max
[[4.276001, 0.1049562682215743], [1.8525696, -0.0], [1.4794846, -0.012037833190025722], [3.1798935, 0.11719352351580563], [True, 1.1171935235158057]]
Min
[[0.013656616, 0.0032976092333059], [0.009544373, -0.008287292817679611], [1.4794846, -0.012037833190025722], [0.02330017, 0.0024449877750611013], [False, 0.9879621668099743]]
Money
1905.5266686096163
