Train
Mean
[[0.035378058, 0.016414149830925807], [0.123393536, -9.932078692815165e-05], [0.044759113, -0.00010023069902201247], [0.03570085, 0.01645244816540967], [0.988860103626943, 1.0162485065042817]]
Count
[1971, 40, 3, 1846, 3860]
acc: %0.988860103626943
Max
[[0.50917053, 0.12256513592816494], [2.1866837, -0.0], [0.078186035, -3.5518931590707355e-05], [0.46925354, 0.15564179455518315], [True, 1.1556417945551831]]
Min
[[1.5258789e-05, 0.00016886187098949697], [3.0517578e-05, -0.0009478672985781452], [0.027236938, -0.0002047502047503095], [1.5258789e-05, 8.882572392969546e-05], [False, 0.9990521327014219]]
Money
4.229892029679234e+28
Valid
Mean
[[0.052244, 0.01547239363533359], [0.0619382, -8.3302520367901e-05], [nan, nan], [0.059636965, 0.01454313807286219], [0.9809027777777778, 1.0147106952677911]]
Count
[277, 11, 0, 288, 576]
acc: %0.9809027777777778
Max
Min
Money
399666.9162079802
Test
Mean
[[0.049703617, 0.012032590081726309], [0.24750112, -0.00016338643639912762], [nan, nan], [0.052967012, 0.014943239660665134], [0.9739583333333334, 1.0130187149838]]
Count
[303, 15, 0, 258, 576]
acc: %0.9739583333333334
Max
Min
Money
156265.89225115458
