Train
Mean
[[0.10306412, 0.07549861576173973], [0.09554578, -0.003927252564849503], [0.005141467, -0.010126220807080892], [0.11004188, 0.05185552380811684], [0.9661921708185054, 1.0618512027303395]]
Count
[284, 13, 6, 259, 562]
acc: %0.9661921708185054
Max
[[0.76026154, 0.8735561323815706], [0.4237671, -5.885468777595328e-05], [0.0138041675, -0.0006399999999999295], [0.70344543, 0.39475028739302587], [True, 1.8735561323815706]]
Min
[[7.289648e-05, 0.000763294037825489], [0.00048467517, -0.015269655620532754], [0.0010948181, -0.027763881940970483], [0.00013574958, 0.00019412528360488512], [False, 0.9722361180590295]]
Money
1.3138148569662678e+16
Valid
Mean
[[0.19370651, 0.06387787111328642], [nan, nan], [nan, nan], [0.22180407, 0.05063436259064674], [1.0, 1.0577406354564536]]
Count
[44, 0, 0, 38, 82]
acc: %1.0
Max
Min
Money
9324.637702681222
Test
Mean
[[0.3256162, 0.059740941725650684], [0.39705658, -0.002462063582539305], [nan, nan], [0.27331027, 0.05046817505422994], [0.9753086419753086, 1.053625921016105]]
Count
[39, 2, 0, 40, 81]
acc: %0.9753086419753086
Max
Min
Money
6367.992085913939
