Train
Mean
[[0.23824038, 0.08417417468010611], [0.11019125, -0.037071877018335926], [0.537621, -0.007614008384738906], [0.22551823, 0.050855359658333696], [0.8537005163511188, 1.0510402665806995]]
Count
[224, 81, 4, 272, 581]
acc: %0.8537005163511188
Max
[[1.3790932, 0.8735561323815706], [0.8896179, -0.00038343558282214585], [1.1153145, -0.0020392556716797936], [1.6335068, 0.39475028739302587], [True, 1.8735561323815706]]
Min
[[0.0008468628, 5.885468777595328e-05], [0.02324915, -0.22909535452322755], [0.21714783, -0.011830430496220816], [0.001385212, 0.00019412528360488512], [False, 0.7709046454767725]]
Money
76514592821100.66
Valid
Mean
[[0.3738327, 0.0628102564435412], [nan, nan], [1.1153145, -0.011830430496220816], [0.43799874, 0.051379975484373314], [0.9882352941176471, 1.0566876488629848]]
Count
[45, 0, 1, 39, 85]
acc: %0.9882352941176471
Max
Min
Money
10120.31580470836
Test
Mean
[[0.41519403, 0.05942137070553444], [0.60765713, -0.0032520807148783515], [nan, nan], [0.5140696, 0.05204030183667136], [0.9642857142857143, 1.0535803685878602]]
Count
[40, 3, 0, 41, 84]
acc: %0.9642857142857143
Max
Min
Money
7395.093568104905
