Train
Mean
[[0.03533186, 0.027652577663969065], [0.061888188, -0.003158148139759801], [0.07373252, -0.0012973813388089748], [0.03527366, 0.022001859568958487], [0.950745848578666, 1.0233876135878264]]
Count
[1638, 137, 38, 1740, 3553]
acc: %0.950745848578666
Max
[[0.38559723, 0.4308717379233759], [5.217552, -0.0], [0.19681549, -7.623597575700774e-05], [0.38288116, 0.1678192715537114], [True, 1.430871737923376]]
Min
[[1.1920929e-07, 2.7078989412052028e-05], [0.0003875196, -0.00982111539810582], [0.0010350347, -0.009045848822800599], [3.8146973e-06, 0.00019782393669631848], [False, 0.9901788846018942]]
Money
1.041744957531524e+37
Valid
Mean
[[0.06936186, 0.023677557891750082], [0.07393265, 0.0], [0.107937336, -0.0009211517793088274], [0.0727137, 0.01985652970598842], [0.9792452830188679, 1.0212977660439355]]
Count
[259, 3, 8, 260, 530]
acc: %0.9792452830188679
Max
[[0.33831787, 0.15797262301146872], [0.13471222, -0.0], [0.19681549, -0.0002297794117648234], [0.32888794, 0.0942951438000943], [True, 1.1579726230114686]]
Min
[[1.5258789e-05, 0.00019208605455240126], [0.030536652, -0.0], [0.06510925, -0.0022761760242791624], [0.00017166138, 0.00027292576419208546], [False, 0.9977238239757208]]
Money
6090577.860796496
Test
Mean
[[0.08483346, 0.020496222582621515], [1.1110077, -0.0001688222277020807], [0.10590935, -0.0007559287535588491], [0.090261504, 0.02008235999685306], [0.9716981132075472, 1.0197057208921019]]
Count
[263, 7, 8, 252, 530]
acc: %0.9716981132075472
Max
[[0.38559723, 0.12372105546580503], [5.217552, -0.0], [0.18998718, -0.0001916443081640094], [0.38288116, 0.13570099255583137], [True, 1.1357009925558315]]
Min
[[1.1444092e-05, 9.284189026093321e-05], [0.028018951, -0.0009858692080182846], [0.013114929, -0.0012145748987853274], [0.000541687, 0.0007220216606498042], [False, 0.9987854251012147]]
Money
2704006.731965808
