Train
Mean
[[0.11372022, 0.026519321927224126], [0.19944744, -0.0025202049357702554], [0.06283907, -0.011340335574075105], [0.14813478, 0.02582000522650689], [0.8376259798432251, 1.0202676505712782]]
Count
[1728, 58, 522, 1264, 3572]
acc: %0.8376259798432251
Max
[[2.2890282, 0.4308717379233759], [3.1067047, -0.0], [0.9502411, -7.623597575700774e-05], [1.537529, 0.1678192715537114], [True, 1.430871737923376]]
Min
[[0.00016784668, 9.284189026093321e-05], [0.0005912781, -0.022082018927444796], [0.0019619167, -0.09233847913093195], [0.00014531612, 0.00020723241114911157], [False, 0.907661520869068]]
Money
2.3174603963074836e+32
Valid
Mean
[[0.21679114, 0.02396194239701397], [0.25150013, -0.0009842337894533496], [0.30453357, -0.0021622395058316195], [0.2194824, 0.02034091581540219], [0.9530956848030019, 1.0210286942664895]]
Count
[254, 8, 17, 254, 533]
acc: %0.9530956848030019
Max
[[1.1051407, 0.15797262301146872], [0.64170074, -0.0], [0.75203705, -0.0002297794117648234], [1.1947861, 0.0942951438000943], [True, 1.1579726230114686]]
Min
[[0.00016784668, 0.00019208605455240126], [0.0005912781, -0.003488610712087045], [0.03691864, -0.006585687106688173], [0.00061035156, 0.00027292576419208546], [False, 0.9934143128933118]]
Money
5626988.845413255
Test
Mean
[[0.23712127, 0.02072394183899315], [0.6433623, -0.0005193766105705401], [0.40244475, -0.0022283597958618886], [0.28104216, 0.020765375448754234], [0.9474671669793621, 1.01956593953142]]
Count
[262, 9, 19, 243, 533]
acc: %0.9474671669793621
Max
[[2.2890282, 0.12372105546580503], [3.1067047, -0.0], [0.9502411, -0.0001916443081640094], [1.537529, 0.13570099255583137], [True, 1.1357009925558315]]
Min
[[0.0012435913, 9.284189026093321e-05], [0.07690811, -0.0019947637451690663], [0.04918289, -0.005840146837977665], [0.0028915405, 0.0009080295758205654], [False, 0.9941598531620224]]
Money
2659143.616364773
