Train
Mean
[[0.2710039, 0.03255780324512806], [0.2572429, -0.00853855150050904], [0.54373103, -0.007519785742744773], [0.2141173, 0.022830753776254528], [0.8180543874404261, 1.020646695832955]]
Count
[1277, 505, 144, 1641, 3567]
acc: %0.8180543874404261
Max
[[3.45718, 0.4308717379233759], [3.196743, -0.0], [2.6738663, -7.623597575700774e-05], [2.442112, 0.1678192715537114], [True, 1.430871737923376]]
Min
[[6.1392784e-06, 0.0003127443315090959], [0.001221776, -0.0633272774461458], [0.001929909, -0.032413472251129345], [3.8146973e-06, 0.00019782393669631848], [False, 0.9366727225538543]]
Money
8.124923477862335e+32
Valid
Mean
[[0.49472627, 0.026250479792552524], [0.90857077, -0.006890626521010973], [1.00415, -0.007378103879247544], [0.4786353, 0.020429802928285383], [0.8780487804878049, 1.0195104710194138]]
Count
[223, 40, 25, 245, 533]
acc: %0.8780487804878049
Max
[[2.2765427, 0.15797262301146872], [3.1939468, -0.0], [2.6271133, -0.0002297794117648234], [2.4385452, 0.0942951438000943], [True, 1.1579726230114686]]
Min
[[0.0012016296, 0.0003878975950348336], [0.008430481, -0.0259370551953188], [0.11749649, -0.025611175785797514], [0.0017852783, 0.00027292576419208546], [False, 0.9740629448046813]]
Money
2503709.9632247384
Test
Mean
[[0.6128641, 0.024369379405861345], [0.929816, -0.005502368636876109], [0.98097163, -0.006586441018977418], [0.52835196, 0.021091637681037414], [0.8289473684210527, 1.0177712529939642]]
Count
[209, 62, 29, 232, 532]
acc: %0.8289473684210527
Max
[[3.45718, 0.12372105546580503], [3.1746597, -0.0], [2.6738663, -0.0001916443081640094], [2.442112, 0.13570099255583137], [True, 1.1357009925558315]]
Min
[[0.0019760132, 0.0007106057914371851], [0.08377838, -0.02905435262925331], [0.23422241, -0.021595758437863724], [0.0026397705, 0.000417536534446681], [False, 0.9709456473707467]]
Money
1003714.653019977
