Train
Mean
[[0.6084438, 0.07595678233956978], [0.9412977, -0.012846026951044606], [1.1744448, -0.022098224711300726], [0.68288153, 0.05797327324005513], [0.8663194444444444, 1.056426175476363]]
Count
[283, 20, 57, 216, 576]
acc: %0.8663194444444444
Max
[[7.3422318, 0.8735561323815706], [2.7651443, -5.885468777595328e-05], [9.401718, -0.0006399999999999295], [6.419792, 0.39475028739302587], [True, 1.8735561323815706]]
Min
[[6.0141087e-05, 0.00038343558282214585], [0.0030208826, -0.03611067687978744], [0.0042280555, -0.10367872470876757], [1.9490719e-05, 0.00019412528360488512], [False, 0.8963212752912324]]
Money
1350013643920655.8
Valid
Mean
[[1.4383752, 0.06676169098501858], [2.0446632, -0.025858475506674104], [3.2833295, -0.026303757010294457], [1.4097114, 0.05696163068739841], [0.8452380952380952, 1.0487685209177902]]
Count
[40, 5, 8, 31, 84]
acc: %0.8452380952380952
Max
[[7.3422318, 0.18439716312056742], [2.497345, -0.012918319601261276], [9.401718, -0.0007646234229642191], [4.24308, 0.14553081639238458], [True, 1.1843971631205674]]
Min
[[0.113471985, 0.007251545411317159], [1.6645889, -0.03611067687978744], [0.65026474, -0.08398555087296806], [0.124118805, 0.0009250693802034955], [False, 0.9160144491270319]]
Money
4924.957757450504
Test
Mean
[[1.4200177, 0.058938615238431025], [2.4355404, -0.009688820276257141], [2.4543657, -0.02345999564748602], [1.818599, 0.058309259398123335], [0.8554216867469879, 1.04728825577377]]
Count
[40, 3, 9, 31, 83]
acc: %0.8554216867469879
Max
[[4.97126, 0.25878462174452255], [2.7651443, -0.004540691582256464], [4.393654, -0.0021743427554854027], [6.419792, 0.16293805767489972], [True, 1.2587846217445224]]
Min
[[0.03791809, 0.00038343558282214585], [1.8577461, -0.019693654266958516], [1.2492371, -0.06553205026244628], [0.023483276, 0.0012884384126439245], [False, 0.9344679497375538]]
Money
4182.786693109074
