Train
Mean
[[0.0075739375, 0.02599006656038453], [0.0112458905, -0.0036094519824980457], [0.008107208, -0.013708030971829238], [0.008286501, 0.026659977047264707], [0.8030592734225621, 1.0185194897243652]]
Count
[1764, 48, 673, 1176, 3661]
acc: %0.8030592734225621
Max
[[0.076191306, 0.4093801555503183], [0.050059795, -0.0], [0.061452508, -3.5849360985176296e-05], [0.05390048, 0.17569478704160507], [True, 1.4093801555503183]]
Min
[[1.9073486e-06, 2.9971527049233312e-05], [0.0002065301, -0.050583657587548646], [0.00034888834, -0.11434864406001938], [6.556511e-07, 0.00013728249305005867], [False, 0.8856513559399806]]
Money
1.9510411622009022e+30
Valid
Mean
[[0.012902733, 0.03234223037096039], [0.015749339, -0.002551124672313342], [0.009259098, -0.004637174890429329], [0.01374111, 0.023070068047921652], [0.9378427787934186, 1.0256088993998074]]
Count
[248, 15, 19, 265, 547]
acc: %0.9378427787934186
Max
[[0.076191306, 0.4093801555503183], [0.03157854, -6.226456212446e-05], [0.061452508, -0.0008817231389344173], [0.053362608, 0.17074179069218057], [True, 1.4093801555503183]]
Min
[[0.0001373291, 0.0004317389829462626], [0.0029239655, -0.005373804180937691], [0.0022585392, -0.030450953045095222], [2.18153e-05, 0.0002606797223762116], [False, 0.9695490469549047]]
Money
68178163.17790647
Test
Mean
[[0.008460619, 0.018025197482834845], [0.012650108, -0.002190072647294287], [0.011770146, -0.0013609148028733528], [0.008469509, 0.016849745696775904], [0.9468864468864469, 1.0163893329077913]]
Count
[246, 15, 14, 271, 546]
acc: %0.9468864468864469
Max
[[0.043803215, 0.09309942993921447], [0.050059795, -0.0], [0.03068018, -4.113025953184179e-05], [0.05390048, 0.13382933357528465], [True, 1.1338293335752847]]
Min
[[8.392334e-05, 2.9971527049233312e-05], [0.0013382435, -0.006974248927038709], [0.0044231415, -0.004045521569813578], [2.4080276e-05, 0.00013728249305005867], [False, 0.9930257510729613]]
Money
633662.8702501202
