Train
Mean
[[0.012533633, 0.07655125784886403], [0.02400106, -0.014786289625072457], [0.014347079, -0.014780174517614118], [0.014120063, 0.05432902726376946], [0.8798646362098139, 1.0558025041285752]]
Count
[260, 33, 38, 260, 591]
acc: %0.8798646362098139
Max
[[0.11123443, 1.5714900021500755], [0.084585905, -0.0017863522686673496], [0.08894682, -0.0017284262889422609], [0.16026354, 0.31383357041251775], [True, 2.5714900021500755]]
Min
[[6.7055225e-07, 0.0014732965009207843], [0.00030714273, -0.059969048233169994], [0.00078228116, -0.053630363036303634], [2.9288232e-05, 0.00110427512225912], [False, 0.94003095176683]]
Money
1768680499033090.0
Valid
Mean
[[0.023764987, 0.12194220627841808], [0.031840265, -0.004710078612220449], [0.020259917, -0.019620667102681365], [0.019156924, 0.053584527319420004], [0.9418604651162791, 1.080226482927481]]
Count
[38, 4, 1, 43, 86]
acc: %0.9418604651162791
Max
[[0.073553085, 1.5714900021500755], [0.040652275, -0.0018398637137989264], [0.020259917, -0.019620667102681365], [0.08691573, 0.1959308807134895], [True, 2.5714900021500755]]
Min
[[0.00034236908, 0.002254860137729317], [0.02317977, -0.006647795505232584], [0.020259917, -0.019620667102681365], [0.0015525818, 0.00110427512225912], [False, 0.9803793328973186]]
Money
37212.43681719572
Test
Mean
[[0.02104352, 0.0447378081637302], [0.06706977, -0.012953260921275234], [0.058524966, -0.01413569550688754], [0.029797537, 0.042514688465689766], [0.9302325581395349, 1.0395737915277186]]
Count
[37, 4, 2, 43, 86]
acc: %0.9302325581395349
Max
[[0.11123443, 0.1739589566686614], [0.084585905, -0.0024850710285226544], [0.08894682, -0.002945619335347443], [0.16026306, 0.1567107463140296], [True, 1.1739589566686615]]
Min
[[0.0005259514, 0.0018215726243656944], [0.049271345, -0.03190545337205548], [0.028103113, -0.025325771678427637], [0.00025987625, 0.0029848649787548457], [False, 0.9680945466279445]]
Money
2665.4471657108447
