Train
Mean
[[0.008996452, 0.025892124468516763], [0.016740624, -0.004111867469532448], [0.0117205735, -0.011897485626106695], [0.015923686, 0.031937193223249574], [0.7352297592997812, 1.017506884763187]]
Count
[1766, 45, 923, 922, 3656]
acc: %0.7352297592997812
Max
[[0.14462066, 0.4093801555503183], [0.08352375, -0.0], [0.10850072, -3.5849360985176296e-05], [0.10318804, 0.17569478704160507], [True, 1.4093801555503183]]
Min
[[6.4373016e-06, 2.9971527049233312e-05], [0.0005424917, -0.017581880894966536], [0.00047028065, -0.07831588132635245], [5.6385994e-05, 0.00025933609958496174], [False, 0.9216841186736475]]
Money
4.4536119606881175e+28
Valid
Mean
[[0.018989664, 0.03143076820496123], [0.047124207, -0.0055367637272199285], [0.035441324, -0.007108821124313093], [0.024417583, 0.02786591311194693], [0.8351648351648352, 1.0237887856881962]]
Count
[255, 8, 82, 201, 546]
acc: %0.8351648351648352
Max
[[0.14462066, 0.4093801555503183], [0.08352375, -0.0008762413419010226], [0.10850072, -0.0002606797223762116], [0.094479084, 0.17074179069218057], [True, 1.4093801555503183]]
Min
[[9.179115e-05, 6.226456212446e-05], [0.0062556267, -0.017581880894966536], [0.0031604767, -0.02496948468927455], [0.0001938343, 0.0004265951611919818], [False, 0.9750305153107255]]
Money
24606773.19496018
Test
Mean
[[0.014779132, 0.01775854287140939], [0.016718587, -0.0037643746254872527], [0.026325744, -0.004520734120798932], [0.022973355, 0.02055916616786611], [0.8311926605504587, 1.0150625978863412]]
Count
[249, 12, 80, 204, 545]
acc: %0.8311926605504587
Max
[[0.078418255, 0.09309942993921447], [0.034012556, -0.0], [0.06762838, -4.113025953184179e-05], [0.10318804, 0.13382933357528465], [True, 1.1338293335752847]]
Min
[[1.335144e-05, 2.9971527049233312e-05], [0.0011570454, -0.006974248927038709], [0.0018894672, -0.017906731782054906], [0.0001437664, 0.0003051338774887146], [False, 0.9820932682179451]]
Money
302647.8714730582
