Train
Mean
[[0.0054327627, 0.07491552165887518], [0.0021722505, -0.011501906466948595], [0.0127274655, -0.003430586330997612], [0.005560472, 0.05055449292786679], [0.9445407279029463, 1.0583849065943758]]
Count
[264, 23, 9, 281, 577]
acc: %0.9445407279029463
Max
[[0.044497967, 1.5714900021500755], [0.0062325075, -0.0017863522686673496], [0.023320198, -0.00110427512225912], [0.051163197, 0.31383357041251775], [True, 2.5714900021500755]]
Min
[[3.0040741e-05, 0.0014732965009207843], [0.00032569468, -0.037925416364952926], [0.0029113293, -0.0060506552342727985], [7.4207783e-06, 0.0014338630660771312], [False, 0.962074583635047]]
Money
3730816819960009.5
Valid
Mean
[[0.013196191, 0.11272690886704834], [nan, nan], [0.017760515, -0.0033408569420360426], [0.017270807, 0.058046658144186136], [0.9642857142857143, 1.0825434168867893]]
Count
[41, 0, 3, 40, 84]
acc: %0.9642857142857143
Max
Min
Money
38491.243133090706
Test
Mean
[[0.008155071, 0.04241279408094856], [nan, nan], [0.015782118, -0.0034331935445542205], [0.010047935, 0.043954843200113634], [0.9642857142857143, 1.04154646193962]]
Count
[39, 0, 3, 42, 84]
acc: %0.9642857142857143
Max
Min
Money
2909.8850623833428
