Train
Mean
[[0.0017044551, 0.02714618906032422], [0.0011142199, -0.0033990707568069076], [0.0026304876, -0.0008278675781695073], [0.0016792096, 0.022539383397646492], [0.9475562877539814, 1.023329040202241]]
Count
[1669, 136, 55, 1782, 3642]
acc: %0.9475562877539814
Max
[[0.012298107, 0.4093801555503183], [0.05125785, -0.0], [0.008528709, -3.5849360985176296e-05], [0.012173176, 0.17569478704160507], [True, 1.4093801555503183]]
Min
[[1.66893e-06, 2.9971527049233312e-05], [0.00013493747, -0.011968815197101215], [0.00024865568, -0.002741051273782528], [1.9073486e-06, 0.00023980815347729166], [False, 0.9880311848028988]]
Money
5.719533707772489e+37
Valid
Mean
[[0.003350901, 0.030664656002029035], [nan, nan], [0.0028507384, -0.0008310413554352291], [0.0033899369, 0.02269376165888784], [0.9797794117647058, 1.026056999682317]]
Count
[262, 0, 11, 271, 544]
acc: %0.9797794117647058
Max
Min
Money
80663751.54213993
Test
Mean
[[0.003508909, 0.0172472960250455], [0.03481412, 0.0], [0.0036100016, -0.0008054703574925461], [0.0036614835, 0.01703095599752909], [0.9631675874769797, 1.0164801539362793]]
Count
[259, 2, 18, 264, 543]
acc: %0.9631675874769797
Max
[[0.006790161, 0.09309942993921447], [0.05125785, -0.0], [0.004863262, -4.113025953184179e-05], [0.009540081, 0.13382933357528465], [True, 1.1338293335752847]]
Min
[[5.6743622e-05, 2.9971527049233312e-05], [0.01837039, -0.0], [0.0007045269, -0.0019314962657739593], [0.00046563148, 0.001022921007766594], [False, 0.9980685037342261]]
Money
634838.0659517391
