Train
Mean
[[0.010529508, 0.06969464333597492], [0.007204509, -0.04289011671236907], [0.010531652, -0.02127935506185503], [0.013773404, 0.06277062632524463], [0.8288590604026845, 1.051585621359449]]
Count
[291, 5, 97, 203, 596]
acc: %0.8288590604026845
Max
[[0.07072306, 1.5714900021500755], [0.010472648, -0.0018215726243656944], [0.065944195, -0.00110427512225912], [0.059356213, 0.31383357041251775], [True, 2.5714900021500755]]
Min
[[6.186962e-05, 0.000652670510170831], [0.005646512, -0.08420769437718592], [0.002689831, -0.1102211595935446], [9.608269e-05, 0.002867640469576209], [False, 0.8897788404064554]]
Money
187258261613295.0
Valid
Mean
[[0.018854115, 0.11077724173878019], [nan, nan], [0.005599022, -0.00110427512225912], [0.019067137, 0.05405888193005561], [0.9885057471264368, 1.0808060998026316]]
Count
[42, 0, 1, 44, 87]
acc: %0.9885057471264368
Max
Min
Money
42338.33645252452
Test
Mean
[[0.012821558, 0.04366167441257], [0.0066514015, -0.0021533218264441745], [0.03686309, -0.0034331935445542205], [0.016224828, 0.043954843200113634], [0.9418604651162791, 1.041096540607075]]
Count
[39, 2, 3, 42, 86]
acc: %0.9418604651162791
Max
[[0.03757572, 0.1739589566686614], [0.007347822, -0.0018215726243656944], [0.065944195, -0.002945619335347443], [0.05790782, 0.1567107463140296], [True, 1.1739589566686615]]
Min
[[0.00048446655, 0.002251219410514151], [0.005954981, -0.0024850710285226544], [0.017755508, -0.004030791611104269], [9.608269e-05, 0.0029848649787548457], [False, 0.9959692083888957]]
Money
3038.494817527367
