Train
Mean
[[0.008198583, 0.07158708734520011], [0.014616065, -0.01411850537357232], [0.004795105, -0.03422686930936171], [0.010526486, 0.054984380821475824], [0.8389154704944178, 1.049381840824579]]
Count
[296, 29, 72, 230, 627]
acc: %0.8389154704944178
Max
[[0.05200231, 0.6294939893765726], [0.043139935, -0.0], [0.05645311, -0.0016077170418006446], [0.04696679, 0.33647654470678834], [True, 1.6294939893765727]]
Min
[[1.8581748e-05, 0.0009427292010370292], [0.00023679249, -0.059195948084836865], [0.00020821113, -0.18565941101152367], [4.9714e-06, 0.00023193050518680736], [False, 0.8143405889884763]]
Money
298431815241163.6
Valid
Mean
[[0.014342381, 0.05969441361847512], [0.02883307, -0.009587634083810059], [0.029308558, -0.0034896239640516227], [0.015272169, 0.048085009002089826], [0.9456521739130435, 1.050887893971261]]
Count
[46, 3, 2, 41, 92]
acc: %0.9456521739130435
Max
[[0.040472507, 0.26107594936708867], [0.043139935, -0.0033573141486811114], [0.042116404, -0.0016077170418006446], [0.038650036, 0.14805194805194813], [True, 1.2610759493670887]]
Min
[[0.00024688244, 0.001593202336696703], [0.012038469, -0.01945320715036811], [0.016500711, -0.005371530886302601], [9.8228455e-05, 0.004732927653820228], [False, 0.9805467928496319]]
Money
8729.457576405213
Test
Mean
[[0.01496711, 0.04377726260270387], [0.019290106, -0.0074956352502481075], [0.05645311, -0.017783857729138184], [0.01521139, 0.04189192094156859], [0.9120879120879121, 1.038203667858586]]
Count
[37, 7, 1, 46, 91]
acc: %0.9120879120879121
Max
[[0.05200231, 0.16110471806674329], [0.040692687, -0.0], [0.05645311, -0.017783857729138184], [0.04696679, 0.1331632653061224], [True, 1.1611047180667433]]
Min
[[0.00017225742, 0.005141388174807203], [0.00041985512, -0.023067331670822894], [0.05645311, -0.017783857729138184], [0.00013267994, 0.0006289308176101332], [False, 0.9769326683291771]]
Money
2859.1897255895888
