Train
Mean
[[0.0031143408, 0.07736350877546673], [0.0034016003, -0.045543919474238456], [0.005093649, -0.0019242566830575476], [0.0026991395, 0.051420850770259756], [0.831973898858075, 1.0446811271472936]]
Count
[219, 99, 4, 291, 613]
acc: %0.831973898858075
Max
[[0.012032241, 0.6294939893765726], [0.005716644, -0.0], [0.007665515, -0.00023193050518680736], [0.008248091, 0.33647654470678834], [True, 1.6294939893765727]]
Min
[[1.41859055e-05, 0.0011275485369595614], [0.002484344, -0.1588447653429603], [0.0002837777, -0.0038401799071876904], [2.3841858e-07, 0.0006289308176101332], [False, 0.8411552346570397]]
Money
8331789173683.056
Valid
Mean
[[0.0027098292, 0.05870318821046188], [nan, nan], [nan, nan], [0.002162096, 0.04693159091949522], [1.0, 1.0530157872721295]]
Count
[46, 0, 0, 43, 89]
acc: %1.0
Max
Min
Money
9061.807035559674
Test
Mean
[[0.0024501653, 0.03649242976340204], [0.0024943352, 0.0], [nan, nan], [0.0023013016, 0.04183633987990309], [0.9887640449438202, 1.03884442342178]]
Count
[42, 1, 0, 46, 89]
acc: %0.9887640449438202
Max
Min
Money
2830.6099154340004
