Train
Mean
[[0.0012353389, 0.030693050678771247], [0.00088912324, -0.012048722907762596], [0.001587972, -0.0008449096556291056], [0.0010327668, 0.02196744885708852], [0.8396373056994819, 1.01956838374033]]
Count
[1339, 609, 10, 1902, 3860]
acc: %0.8396373056994819
Max
[[0.010486603, 0.27247820672478196], [0.046998143, -0.0], [0.00314641, -0.0002017099800891496], [0.005995989, 0.16110235468309694], [True, 1.272478206724782]]
Min
[[1.5497208e-06, 6.76287990467279e-06], [6.878376e-05, -0.04810776138550357], [0.00046682358, -0.0018574640727342506], [1.7881393e-06, 6.568058219267332e-05], [False, 0.9518922386144965]]
Money
4.3918918129628666e+33
Valid
Mean
[[0.0014142318, 0.02265958540958876], [0.001987505, -0.00048216357522644305], [0.0025668938, -0.0009637964181434198], [0.0014086327, 0.018133806384052688], [0.9861111111111112, 1.0200492024463277]]
Count
[277, 5, 3, 291, 576]
acc: %0.9861111111111112
Max
[[0.0057680607, 0.16264591439688722], [0.0023229122, -0.0], [0.00314641, -0.0007710100231302159], [0.0051062107, 0.11894273127753305], [True, 1.1626459143968872]]
Min
[[1.5497208e-06, 0.0005305039787797825], [0.0012750626, -0.000981836033382535], [0.0020706654, -0.0011661807580174938], [1.8239021e-05, 0.000498504486540324], [False, 0.9988338192419826]]
Money
7833226.355569765
Test
Mean
[[0.0011407023, 0.015726774595926855], [0.0100657595, 0.0], [0.0011600852, -0.0005449700215419411], [0.0011795958, 0.01809588991416562], [0.984375, 1.0166102395284082]]
Count
[292, 7, 2, 275, 576]
acc: %0.984375
Max
[[0.0055117607, 0.10638297872340423], [0.046998143, -0.0], [0.0012307167, -0.0004730368968779044], [0.0058555603, 0.10198135198135201], [True, 1.1063829787234043]]
Min
[[8.106232e-06, 0.0006153846153845476], [6.878376e-05, -0.0], [0.0010894537, -0.0006169031462059777], [7.1525574e-06, 0.0004975124378108905], [False, 0.999383096853794]]
Money
1167500.8482766293
