Train
Mean
[[0.0057785283, 0.029487269678018815], [0.005766332, -0.005069736543023342], [0.0060216556, -0.007039748151215444], [0.005692675, 0.02510263164454382], [0.9098328799067237, 1.0242854710023677]]
Count
[1183, 85, 147, 1158, 2573]
acc: %0.9098328799067237
Max
[[0.05979204, 0.27247820672478196], [0.034011602, -0.0], [0.033297777, -6.568058219267332e-05], [0.04934883, 0.16110235468309694], [True, 1.272478206724782]]
Min
[[1.7881393e-07, 7.503113792106324e-06], [7.021427e-05, -0.08137651821862354], [0.0007544756, -0.04153436883206039], [2.6226044e-06, 0.0002101336975649943], [False, 0.9186234817813764]]
Money
1.7548446329125713e+28
Valid
Mean
[[0.00647672, 0.023500560743196806], [0.009026817, -0.0016626125605832887], [0.010329116, -0.0018671082129315187], [0.0072367964, 0.022973441399909703], [0.9530026109660574, 1.0220588465635396]]
Count
[181, 7, 11, 184, 383]
acc: %0.9530026109660574
Max
[[0.0323689, 0.12499999999999986], [0.021386504, -0.0], [0.026012182, -0.000706713780918807], [0.02761364, 0.10198135198135201], [True, 1.1249999999999998]]
Min
[[2.4795532e-05, 0.0005422993492407212], [0.0039594173, -0.004385964912280706], [0.004192233, -0.003901170351105287], [2.9802322e-05, 0.0004730368968779044], [False, 0.9956140350877193]]
Money
379890.3385460494
Test
Mean
[[0.0045936108, 0.014770663965699246], [0.0068227607, -0.0011623758984340797], [0.005026708, -0.0015114986289428301], [0.004953288, 0.016229214747335248], [0.9295039164490861, 1.0142953316840422]]
Count
[183, 15, 12, 173, 383]
acc: %0.9295039164490861
Max
[[0.018467307, 0.10638297872340423], [0.034011602, -0.0], [0.008170366, -0.0004975124378108905], [0.020559072, 0.08565459610027855], [True, 1.1063829787234043]]
Min
[[2.3841858e-06, 0.0006153846153845476], [0.0018328428, -0.003259452411994715], [0.0010207891, -0.0030769230769230114], [4.529953e-06, 0.0006169031462059777], [False, 0.9967405475880052]]
Money
21328.39267803774
