Train
Mean
[[0.011184804, 0.07870599069954631], [0.011472198, -0.0398607209507804], [0.012445788, -0.009770505160998769], [0.014833223, 0.05403550473125086], [0.9037199124726477, 1.056372606429142]]
Count
[201, 36, 8, 212, 457]
acc: %0.9037199124726477
Max
[[0.049997807, 0.6294939893765726], [0.025861904, -0.0], [0.033286333, -0.00023193050518680736], [0.07436609, 0.33647654470678834], [True, 1.6294939893765727]]
Min
[[0.00023770332, 0.0013627691469065572], [0.001672402, -0.1570614312856237], [0.0008660555, -0.027328827505142532], [0.00013303757, 0.0007251631617114662], [False, 0.8429385687143763]]
Money
2379375650735.696
Valid
Mean
[[0.010692326, 0.05268010378251869], [nan, nan], [0.012824178, -0.0006289308176101332], [0.01590365, 0.0532989021062375], [0.9848484848484849, 1.0521630388345666]]
Count
[34, 0, 1, 31, 66]
acc: %0.9848484848484849
Max
Min
Money
2732.7744212147227
Test
Mean
[[0.007878955, 0.04215478909049543], [0.013415992, -0.001740947075208954], [nan, nan], [0.015591741, 0.037477381026677574], [0.9696969696969697, 1.0384150414162343]]
Count
[30, 2, 0, 34, 66]
acc: %0.9696969696969697
Max
Min
Money
1160.5139570240237
