Train
Mean
[[0.0062797368, 0.025660264475302], [0.0132031515, -0.005286096518496155], [0.007813189, -0.011303033941817867], [0.011323866, 0.03010684154655739], [0.7601961796592669, 1.0181572312110894]]
Count
[1873, 84, 845, 1072, 3874]
acc: %0.7601961796592669
Max
[[0.08298957, 0.27247820672478196], [0.063500285, -0.0], [0.077920675, -6.568058219267332e-05], [0.07781458, 0.16110235468309694], [True, 1.272478206724782]]
Min
[[1.1064112e-06, 6.76287990467279e-06], [0.0002508983, -0.030740343347639403], [0.00017291121, -0.06413612565445026], [1.31726265e-05, 0.000142826537170617], [False, 0.9358638743455497]]
Money
2.431694281591361e+31
Valid
Mean
[[0.012157189, 0.023313115748410544], [0.02550714, -0.003916790278450587], [0.025216268, -0.006208333993469107], [0.015593472, 0.021922796335308196], [0.844559585492228, 1.0182553824290212]]
Count
[269, 15, 75, 220, 579]
acc: %0.844559585492228
Max
[[0.063516855, 0.16264591439688722], [0.063500285, -0.0], [0.077920794, -0.0006476683937824559], [0.07781458, 0.11894273127753305], [True, 1.1626459143968872]]
Min
[[2.4318695e-05, 0.0005305039787797825], [0.0042254925, -0.015849430411094614], [0.0030635595, -0.024136039495337377], [0.00057053566, 0.000498504486540324], [False, 0.9758639605046626]]
Money
2940596.8531149984
Test
Mean
[[0.009592105, 0.016106604726499454], [0.015636578, -0.0028355573778554616], [0.017289355, -0.006380678196582878], [0.013846657, 0.022116030186706267], [0.8442906574394463, 1.0148303666377851]]
Count
[284, 17, 73, 204, 578]
acc: %0.8442906574394463
Max
[[0.04665804, 0.10638297872340423], [0.036397696, -0.0], [0.038830757, -0.0005934718100890872], [0.05513251, 0.10198135198135201], [True, 1.1063829787234043]]
Min
[[5.841255e-06, 0.0006153846153845476], [0.0010588169, -0.010656436487638496], [0.0047011375, -0.019937694704049862], [0.00010180473, 0.0004730368968779044], [False, 0.9800623052959502]]
Money
431198.01046654716
