Train
Mean
[[0.01919915, 0.027481473048453834], [0.02686249, -0.002153371076166332], [0.016199438, -0.0030942688806218956], [0.019439066, 0.02504323386979077], [0.9562807881773399, 1.0250205574411957]]
Count
[1578, 79, 63, 1528, 3248]
acc: %0.9562807881773399
Max
[[0.1270256, 0.44439194935273546], [0.20730591, -0.0], [0.07738972, -4.7352969031188086e-05], [0.17108917, 0.22203118616369324], [True, 1.4443919493527355]]
Min
[[3.8683414e-05, 7.948493760442112e-05], [0.0010412335, -0.007008483954260468], [0.0015417337, -0.013739883305100715], [5.00679e-06, 8.95495656845568e-05], [False, 0.9862601166948993]]
Money
1.860175817393473e+36
Valid
Mean
[[0.027696367, 0.023792912487606035], [0.035157394, -0.0020877118301674525], [0.028273106, -0.0011460958215076219], [0.029202666, 0.019957749408562958], [0.9711340206185567, 1.0211478886144854]]
Count
[230, 10, 4, 241, 485]
acc: %0.9711340206185567
Max
[[0.1270256, 0.18993071593533498], [0.061694145, -0.0], [0.050468445, -0.0001214624073850628], [0.1408081, 0.08328631080013557], [True, 1.189930715935335]]
Min
[[0.00028896332, 0.0004318255424807902], [0.011044502, -0.005786199913207006], [0.010557175, -0.002271006813020525], [0.00015449524, 0.00013910140492423619], [False, 0.9942138000867929]]
Money
2204372.5967803607
Test
Mean
[[0.028329825, 0.022390277756453598], [0.05288205, -0.0010734385951380843], [0.041989516, -0.0014832068782337498], [0.027749203, 0.02154929897693494], [0.9628099173553719, 1.0211051005892409]]
Count
[231, 13, 5, 235, 484]
acc: %0.9628099173553719
Max
[[0.11271, 0.10774475749388915], [0.20730591, -0.0], [0.07738972, -0.000812347684809129], [0.17108917, 0.12317818523742367], [True, 1.1231781852374236]]
Min
[[0.0002117157, 7.948493760442112e-05], [0.0106601715, -0.003702090592334571], [0.014346123, -0.0022502250225021224], [0.00014305115, 8.95495656845568e-05], [False, 0.9962979094076654]]
Money
2139335.3185324725
