Train
Mean
[[0.0923071, 0.07207501785842012], [0.17310643, -0.004272332891264039], [0.13633145, -0.01754986239604281], [0.12362989, 0.06812872079685214], [0.867816091954023, 1.058865210906195]]
Count
[266, 2, 67, 187, 522]
acc: %0.867816091954023
Max
[[0.33869076, 0.4219672131147541], [0.265234, -0.0014834255719746562], [0.35879803, -0.0005386189809327809], [0.50864315, 0.36524666443414355], [True, 1.421967213114754]]
Min
[[5.7816505e-05, 0.0005928121526491957], [0.08097887, -0.007061240210553423], [0.010539293, -0.0511032572356481], [0.0003633499, 0.0008927846765683981], [False, 0.9488967427643519]]
Money
363083911897528.1
Valid
Mean
[[0.13133696, 0.07563765505978388], [nan, nan], [0.12934923, -0.005716674327726371], [0.13646132, 0.06891145315091382], [0.9736842105263158, 1.0703106560138056]]
Count
[38, 0, 2, 36, 76]
acc: %0.9736842105263158
Max
Min
Money
15885.450562256074
Test
Mean
[[0.10170754, 0.05993036310676349], [0.265234, -0.0014834255719746562], [0.25499502, -0.008820205759908753], [0.13972825, 0.04849593156884918], [0.9466666666666667, 1.0510254217853534]]
Count
[36, 1, 3, 35, 75]
acc: %0.9466666666666667
Max
[[0.26422024, 0.20996003688902545], [0.265234, -0.0014834255719746562], [0.29437828, -0.001678183613030724], [0.44507885, 0.09964108699367633], [True, 1.2099600368890255]]
Min
[[0.014160156, 0.0005928121526491957], [0.265234, -0.0014834255719746562], [0.18073082, -0.01627573001436093], [0.0003633499, 0.004510599909788066], [False, 0.9837242699856391]]
Money
3859.650088203106
