Train
Mean
[[0.013535361, 0.07153132804664902], [0.020489883, -0.003749046283451131], [0.010311444, -0.0025504978150917117], [0.011275221, 0.05518089701122996], [0.984251968503937, 1.0624673458558747]]
Count
[255, 5, 3, 245, 508]
acc: %0.984251968503937
Max
[[0.07727623, 0.4219672131147541], [0.034931183, -0.0007347953877457678], [0.016678572, -0.0005386189809327809], [0.07433891, 0.36524666443414355], [True, 1.421967213114754]]
Min
[[8.583069e-06, 0.0005928121526491957], [0.011245966, -0.009893800490151705], [0.007114649, -0.0047270367967373085], [9.536743e-06, 0.0008896797153025624], [False, 0.9901061995098484]]
Money
1084505311811898.5
Valid
Mean
[[0.022717176, 0.07665667483103829], [0.034931183, -0.0007347953877457678], [0.0071411133, -0.0005386189809327809], [0.020055294, 0.06818485577938385], [0.972972972972973, 1.070331754980471]]
Count
[35, 1, 1, 37, 74]
acc: %0.972972972972973
Max
[[0.067845345, 0.26771362586605096], [0.034931183, -0.0007347953877457678], [0.0071411133, -0.0005386189809327809], [0.07433796, 0.1391411275066211], [True, 1.267713625866051]]
Min
[[8.583069e-06, 0.0014282313734825583], [0.034931183, -0.0007347953877457678], [0.0071411133, -0.0005386189809327809], [0.0016269684, 0.010894729674519961], [False, 0.9992652046122542]]
Money
13917.120209272052
Test
Mean
[[0.024511814, 0.05993036310676349], [0.029483795, -0.0014834255719746562], [nan, nan], [0.014891624, 0.04410668305149013], [0.9863013698630136, 1.0512856196729474]]
Count
[36, 1, 0, 36, 73]
acc: %0.9863013698630136
Max
Min
Money
3568.5055720131136
