Train
Mean
[[0.048404295, 0.07370407001103689], [0.06460672, -0.003329884955623345], [0.03448042, -0.015541201719449732], [0.034845084, 0.05825392839983714], [0.9411764705882353, 1.0617440415612955]]
Count
[260, 9, 22, 236, 527]
acc: %0.9411764705882353
Max
[[0.2252655, 0.4219672131147541], [0.11381245, -0.0007347953877457678], [0.09432006, -0.000993264425613697], [0.18784523, 0.36524666443414355], [True, 1.421967213114754]]
Min
[[0.000118255615, 0.0005928121526491957], [0.01789093, -0.010470574076302988], [0.0061354637, -0.05034691336061197], [2.3841858e-06, 0.0005386189809327809], [False, 0.9496530866393881]]
Money
2211328016333593.0
Valid
Mean
[[0.09457167, 0.08434120190028906], [0.0797596, -0.004113051656042554], [nan, nan], [0.052951023, 0.0624113908631314], [0.935064935064935, 1.0677749150536182]]
Count
[34, 5, 0, 38, 77]
acc: %0.935064935064935
Max
Min
Money
14136.80813059945
Test
Mean
[[0.076186255, 0.061880944514011056], [0.044059753, -0.0014834255719746562], [nan, nan], [0.037379064, 0.045363637426038106], [0.9868421052631579, 1.0527885492583668]]
Count
[37, 1, 0, 38, 76]
acc: %0.9868421052631579
Max
Min
Money
4606.53993117407
