Train
Mean
[[0.039338876, 0.02907048625961502], [0.06584798, -0.006114279094757902], [0.072231114, -0.0062246295160886915], [0.043607578, 0.026662413469223278], [0.877890841813136, 1.0237331379836097]]
Count
[1454, 202, 194, 1393, 3243]
acc: %0.877890841813136
Max
[[0.3474121, 0.44439194935273546], [0.34595203, -0.0], [0.60690594, -4.7352969031188086e-05], [0.350873, 0.22203118616369324], [True, 1.4443919493527355]]
Min
[[4.7683716e-07, 7.948493760442112e-05], [0.0040501356, -0.03423654339069943], [0.0037875175, -0.030447579417436206], [7.5101852e-06, 8.95495656845568e-05], [False, 0.9657634566093005]]
Money
2.531067283898877e+34
Valid
Mean
[[0.06320989, 0.024184688845128675], [0.1206962, -0.006751450080339721], [0.13733213, -0.005395644341675598], [0.07084479, 0.0216130009450328], [0.9008264462809917, 1.0200689243430978]]
Count
[223, 18, 30, 213, 484]
acc: %0.9008264462809917
Max
[[0.3474121, 0.18993071593533498], [0.34595203, -0.0], [0.60690594, -0.0001214624073850628], [0.28232002, 0.08328631080013557], [True, 1.189930715935335]]
Min
[[0.0006980896, 0.00010613457864566395], [0.02675438, -0.022812920592193836], [0.0094509125, -0.030447579417436206], [0.0008010864, 0.00013910140492423619], [False, 0.9695524205825637]]
Money
1280877.2121681273
Test
Mean
[[0.06491372, 0.02365764673334514], [0.10426781, -0.0034384419244265878], [0.12413314, -0.005099885921421246], [0.07460909, 0.02358231354834956], [0.8757763975155279, 1.0201525962450382]]
Count
[215, 29, 31, 208, 483]
acc: %0.8757763975155279
Max
[[0.2587471, 0.10774475749388915], [0.30033112, -0.0], [0.34170914, -0.0005836575875486602], [0.350873, 0.12317818523742367], [True, 1.1231781852374236]]
Min
[[0.00047016144, 7.948493760442112e-05], [0.007894516, -0.011403671425922595], [0.026385307, -0.017309277406355898], [7.247925e-05, 8.95495656845568e-05], [False, 0.9826907225936441]]
Money
1322405.3771920952
