Train
Mean
[[0.003538174, 0.026675436097953278], [0.020257583, -0.0004462650059502207], [0.004770905, -0.0006708911017747207], [0.0038571917, 0.024371933438621138], [0.9882316506658408, 1.0252367053524831]]
Count
[1623, 24, 14, 1568, 3229]
acc: %0.9882316506658408
Max
[[0.031244278, 0.44439194935273546], [0.23407269, -0.0], [0.011169434, -4.7352969031188086e-05], [0.030543327, 0.22203118616369324], [True, 1.4443919493527355]]
Min
[[4.2915344e-06, 9.565716472162711e-05], [0.0011460781, -0.0021409060708221946], [0.0014693141, -0.001507840772014596], [6.67572e-06, 8.95495656845568e-05], [False, 0.9978590939291778]]
Money
2.3508351818757932e+36
Valid
Mean
[[0.0061202254, 0.023344247995093388], [0.0016247431, -7.697726106273768e-05], [0.006579399, -0.00020090190976615222], [0.0067299586, 0.01987751965313074], [0.9854771784232366, 1.021276905510739]]
Count
[235, 3, 4, 240, 482]
acc: %0.9854771784232366
Max
[[0.031244278, 0.18993071593533498], [0.002029419, -0.0], [0.011169434, -0.0001214624073850628], [0.030543327, 0.08328631080013557], [True, 1.189930715935335]]
Min
[[1.66893e-05, 0.0004318255424807902], [0.0013418198, -0.00012479720454254908], [0.0031290054, -0.00034664448141978686], [1.335144e-05, 0.00022190990457874945], [False, 0.9996533555185803]]
Money
2203343.0858228295
Test
Mean
[[0.004852818, 0.021874903793576917], [0.062358174, -0.0002509520571209993], [nan, nan], [0.006043722, 0.020717090914107957], [0.9854469854469855, 1.0209824242854917]]
Count
[237, 7, 0, 237, 481]
acc: %0.9854469854469855
Max
Min
Money
1905955.3283549235
