Train
Mean
[[0.0039403895, 0.08017298167521737], [0.0047872416, -0.003991136603092928], [0.0034393677, -0.026878661403658455], [0.0051223733, 0.06009429313718184], [0.8787346221441125, 1.0594075563139507]]
Count
[276, 3, 66, 224, 569]
acc: %0.8787346221441125
Max
[[0.025265217, 1.0143528232170376], [0.0058308244, -5.524861878448341e-05], [0.010011405, -0.00010015524062306576], [0.026305199, 0.37154875717017205], [True, 2.0143528232170373]]
Min
[[8.791685e-05, 0.001153013301836367], [0.0032453984, -0.010639388811977612], [0.00059018284, -0.08783071262859422], [4.7385693e-05, 0.0014756671899529858], [False, 0.9121692873714058]]
Money
3475899498051048.0
Valid
Mean
[[0.006989859, 0.11290900067685361], [nan, nan], [nan, nan], [0.008017365, 0.049845294580756365], [1.0, 1.0802374420969478]]
Count
[40, 0, 0, 43, 83]
acc: %1.0
Max
Min
Money
44483.031593183056
Test
Mean
[[0.004724879, 0.045195592688055675], [0.0052855015, -0.001278772378516691], [nan, nan], [0.006464659, 0.046941579183597475], [0.9878048780487805, 1.0455444104227107]]
Count
[38, 1, 0, 43, 82]
acc: %0.9878048780487805
Max
Min
Money
3645.289259276156
