Train
Mean
[[0.013559389, 0.10329044901426283], [0.014105832, -0.0386118534401804], [0.007550955, -0.010910965803532444], [0.01511471, 0.0544236061624173], [0.8095238095238095, 1.0518502452583152]]
Count
[180, 108, 4, 296, 588]
acc: %0.8095238095238095
Max
[[0.048051834, 1.0143528232170376], [0.049179316, -5.524861878448341e-05], [0.008788586, -0.0030753968253969272], [0.06837773, 0.37154875717017205], [True, 2.0143528232170373]]
Min
[[0.00016474724, 0.003211762186853309], [0.0013160259, -0.27325700790635593], [0.0061757863, -0.02917224453369023], [0.00037898123, 0.00010015524062306576], [False, 0.7267429920936441]]
Money
110558033390800.44
Valid
Mean
[[0.017588396, 0.11506722873722623], [0.014186959, -0.00543232711961512], [nan, nan], [0.021446496, 0.04901370916675205], [0.9651162790697675, 1.077836996073262]]
Count
[40, 3, 0, 43, 86]
acc: %0.9651162790697675
Max
Min
Money
45955.799993605106
Test
Mean
[[0.016781617, 0.04990284742670639], [0.035356205, -0.006102145240775958], [nan, nan], [0.02631978, 0.04692492114062923], [0.9294117647058824, 1.0443730046163726]]
Count
[34, 6, 0, 45, 85]
acc: %0.9294117647058824
Max
Min
Money
3772.5165678585804
