Train
Mean
[[0.008014423, 0.03415186128789629], [0.0062505216, -0.020800407111417497], [0.008012567, -0.008567056698939335], [0.007650165, 0.02587351051377339], [0.8098006644518272, 1.0199591035746665]]
Count
[1179, 610, 77, 1746, 3612]
acc: %0.8098006644518272
Max
[[0.107803345, 1.0392116643590927], [0.044757366, -0.0], [0.074986696, -7.517525230693228e-05], [0.08039367, 0.18023297168290786], [True, 2.039211664359093]]
Min
[[8.34465e-07, 3.5985461873319276e-05], [0.00016213953, -0.15006772009029348], [0.00017066672, -0.11560486757337143], [5.662441e-07, 3.100871344851003e-05], [False, 0.8499322799097065]]
Money
6.36431245002919e+31
Valid
Mean
[[0.014809129, 0.03323446375757642], [0.008844879, -0.0024310560941465326], [0.025167292, -0.0017423121764672145], [0.0146186, 0.024082128551432092], [0.9406307977736549, 1.026802409609506]]
Count
[252, 20, 12, 255, 539]
acc: %0.9406307977736549
Max
[[0.06181526, 0.27612957825943857], [0.044757366, -5.636660842120681e-05], [0.074986696, -7.517525230693228e-05], [0.08039367, 0.10665981852422535], [True, 1.2761295782594386]]
Min
[[3.20673e-05, 0.00012116806009925477], [0.00059753656, -0.006309554468194715], [0.0012108088, -0.004558253645208979], [5.7935715e-05, 0.00012865045670910715], [False, 0.9936904455318053]]
Money
113432413.32333072
Test
Mean
[[0.011544861, 0.01807171390882521], [0.018442852, -0.0020596965917979424], [0.009606191, -0.0018091666073874475], [0.014311119, 0.01766929668562866], [0.961038961038961, 1.0170890449646965]]
Count
[248, 14, 7, 270, 539]
acc: %0.961038961038961
Max
[[0.107803345, 0.1095662391070205], [0.044683933, -0.0], [0.02317667, -0.0006346106907493672], [0.06910038, 0.12662151993980425], [True, 1.1266215199398042]]
Min
[[8.583069e-06, 3.5985461873319276e-05], [0.005690813, -0.004966346468012841], [0.0029597282, -0.006532853626207209], [5.340576e-05, 0.00010163290195819127], [False, 0.9934671463737927]]
Money
819003.4106961233
