Train
Mean
[[0.009262856, 0.03150976415168588], [0.0150470985, -0.008203137467019558], [0.012041206, -0.010856885175011663], [0.011062707, 0.03002055956100853], [0.8297754366509564, 1.0238481100073915]]
Count
[1638, 149, 465, 1355, 3607]
acc: %0.8297754366509564
Max
[[0.10638666, 1.0392116643590927], [0.12903547, -0.0], [0.17033958, -3.100871344851003e-05], [0.12155199, 0.18023297168290786], [True, 2.039211664359093]]
Min
[[1.9855797e-06, 1.5213521778256093e-05], [0.00012602285, -0.080829703993504], [8.382276e-05, -0.07724662681065245], [8.087605e-06, 5.563553163233259e-05], [False, 0.919170296006496]]
Money
7.370333782562841e+37
Valid
Mean
[[0.023531659, 0.033043649443247704], [0.040252034, -0.006536737850384178], [0.053344335, -0.005931910155163691], [0.02622332, 0.02640899924320482], [0.8775510204081632, 1.0255138062387958]]
Count
[251, 22, 44, 222, 539]
acc: %0.8775510204081632
Max
[[0.10638666, 0.27612957825943857], [0.12903547, -0.0003681939351094276], [0.17033958, -7.517525230693228e-05], [0.12155199, 0.10665981852422535], [True, 1.2761295782594386]]
Min
[[0.00012731552, 5.636660842120681e-05], [0.00045192242, -0.02050359712230213], [0.00066000223, -0.018184391141300438], [1.7642975e-05, 0.00012865045670910715], [False, 0.9794964028776979]]
Money
56668591.258848906
Test
Mean
[[0.02131446, 0.01857333189019814], [0.025438478, -0.003921876803775391], [0.033957668, -0.00445592598196876], [0.022844456, 0.019886720653125734], [0.8680297397769516, 1.0161194643935927]]
Count
[237, 24, 47, 230, 538]
acc: %0.8680297397769516
Max
[[0.10350132, 0.1095662391070205], [0.049975872, -0.0], [0.105967045, -0.00010163290195819127], [0.11380577, 0.12662151993980425], [True, 1.1266215199398042]]
Min
[[2.861023e-06, 3.5985461873319276e-05], [0.007894993, -0.01298248947151766], [0.0035729408, -0.02270386780026349], [1.6450882e-05, 0.0002171458351429545], [False, 0.9772961321997365]]
Money
477972.4861394336
