Train
Mean
[[0.001342822, 0.030083394973206966], [0.0050850227, -0.0007592056987866312], [0.0006142159, -0.006579898179681474], [0.0016292398, 0.027597550229766368], [0.9323684942944614, 1.02654704920122]]
Count
[1750, 31, 212, 1600, 3593]
acc: %0.9323684942944614
Max
[[0.0103673935, 1.0392116643590927], [0.075063705, -0.0], [0.0016676784, -3.100871344851003e-05], [0.011524677, 0.18023297168290786], [True, 2.039211664359093]]
Min
[[1.013279e-06, 1.5213521778256093e-05], [0.00031590462, -0.0056606825165778085], [0.00016106293, -0.023359034910518547], [2.3245811e-06, 5.563553163233259e-05], [False, 0.9766409650894815]]
Money
8.694236174728745e+41
Valid
Mean
[[0.0028222832, 0.03224279484712356], [0.002756536, -0.0005154295715896215], [nan, nan], [0.0030579176, 0.023008250722646725], [0.9832089552238806, 1.0270927065989823]]
Count
[260, 9, 0, 267, 536]
acc: %0.9832089552238806
Max
Min
Money
122433325.121193
Test
Mean
[[0.0035679436, 0.0176828307802573], [0.0138352215, -0.0003368023991142205], [nan, nan], [0.0038470782, 0.017268499174626178], [0.9850746268656716, 1.0171997581679537]]
Count
[251, 8, 0, 277, 536]
acc: %0.9850746268656716
Max
Min
Money
826659.3795591461
