Train
Mean
[[0.01178778, 0.08511333574180174], [0.012423501, -0.02136177739127458], [0.016750472, -0.02180691137772469], [0.017873289, 0.06052978583734101], [0.855917667238422, 1.0596498782777217]]
Count
[260, 26, 58, 239, 583]
acc: %0.855917667238422
Max
[[0.074510336, 1.0143528232170376], [0.041175544, -5.524861878448341e-05], [0.16023946, -0.00010015524062306576], [0.118766785, 0.37154875717017205], [True, 2.0143528232170373]]
Min
[[1.9073486e-06, 0.001153013301836367], [0.00048196316, -0.07306087302113001], [0.00020761043, -0.0895145631067961], [1.0576099e-05, 0.0017713584957078183], [False, 0.9104854368932039]]
Money
8614739255107018.0
Valid
Mean
[[0.01941804, 0.11093521903114985], [0.010630012, -0.010445590374190161], [0.03471911, -0.00542108896674736], [0.025655182, 0.05241208126174058], [0.9647058823529412, 1.0785406063964804]]
Count
[41, 1, 2, 41, 85]
acc: %0.9647058823529412
Max
[[0.046960354, 0.5469689163661343], [0.010630012, -0.010445590374190161], [0.04260254, -0.003557795649112506], [0.060058594, 0.1588260950838058], [True, 1.5469689163661342]]
Min
[[1.9073486e-06, 0.0021200477010731877], [0.010630012, -0.010445590374190161], [0.02683568, -0.0072843822843822155], [0.002236843, 0.004484679084708395], [False, 0.9895544096258099]]
Money
45154.506408064386
Test
Mean
[[0.026354445, 0.045195592688055675], [0.01742196, -0.001278772378516691], [0.09936041, -0.023220639992361514], [0.0439418, 0.04923753393558219], [0.9404761904761905, 1.043357262870917]]
Count
[38, 1, 4, 41, 84]
acc: %0.9404761904761905
Max
[[0.074510336, 0.1921205691919378], [0.01742196, -0.001278772378516691], [0.16023946, -0.01490070942192092], [0.118766785, 0.15192571167605415], [True, 1.1921205691919379]]
Min
[[0.00037431717, 0.0014414414414414428], [0.01742196, -0.001278772378516691], [0.06556153, -0.038277104673268454], [0.005959511, 0.0035641382885656355], [False, 0.9617228953267315]]
Money
3314.157314208904
