Train
Mean
[[0.5376137, 0.030313583061159527], [0.9365476, -0.00730759894820526], [0.94356114, -0.008948196939505978], [0.59577924, 0.0252525422447157], [0.8470231532524807, 1.0222514108966108]]
Count
[1498, 312, 243, 1575, 3628]
acc: %0.8470231532524807
Max
[[7.613373, 0.30811371653870095], [7.1432343, -0.0], [5.725113, -4.480286738360709e-05], [14.293869, 0.26789353971583013], [True, 1.308113716538701]]
Min
[[2.9563904e-05, 0.00012793449753724685], [0.003823638, -0.05756814921090399], [0.0016304255, -0.06231645528770121], [0.0001552105, 4.481692287017032e-05], [False, 0.9376835447122988]]
Money
9.211948166825524e+35
Valid
Mean
[[1.3353897, 0.021709196422233932], [2.2305503, -0.005195646437409391], [2.1896005, -0.005010906374632284], [1.4640362, 0.017543546401975727], [0.8173431734317343, 1.0149268437740684]]
Count
[198, 55, 44, 245, 542]
acc: %0.8173431734317343
Max
[[4.981079, 0.11135066582117947], [6.069214, -9.80872976948593e-05], [5.398041, -6.419309282315384e-05], [7.1334686, 0.07984507671681804], [True, 1.1113506658211794]]
Min
[[0.009994507, 0.0005347879565751876], [0.42459106, -0.016667662345420997], [0.49919128, -0.017880941803642816], [0.008529663, 4.900759617750221e-05], [False, 0.9821190581963571]]
Money
270345.56025490153
Test
Mean
[[0.7644967, 0.020665960460841067], [1.0663722, -0.005042018614591022], [1.577772, -0.0060289743258793395], [0.8047943, 0.01957288251000683], [0.8521256931608133, 1.0163300437128207]]
Count
[220, 54, 26, 241, 541]
acc: %0.8521256931608133
Max
[[3.151474, 0.09315385986806907], [2.044777, -0.0], [4.299217, -0.00010421008753637876], [5.095154, 0.08854427213606804], [True, 1.093153859868069]]
Min
[[0.006164551, 0.0007157464212679693], [0.02584076, -0.014105058365758783], [0.010536194, -0.026544868350349263], [0.0009765625, 0.00014997000599887693], [False, 0.9734551316496507]]
Money
559124.7934905672
