Train
Mean
[[0.24979962, 0.06713937240113452], [0.475306, -0.0034408113626491596], [nan, nan], [0.2828611, 0.05018913274390644], [0.9772727272727273, 1.0574157569203484]]
Count
[285, 13, 0, 274, 572]
acc: %0.9772727272727273
Max
Min
Money
3279530531702591.5
Valid
Mean
[[0.79865307, 0.04308696494836555], [1.1835861, -0.0031518487913974433], [nan, nan], [0.8822852, 0.04088112700012388], [0.9518072289156626, 1.0397158048672397]]
Count
[36, 4, 0, 43, 83]
acc: %0.9518072289156626
Max
Min
Money
2419.2764352701042
Test
Mean
[[0.3151193, 0.04434313386227082], [0.25330353, -0.00034180243819073873], [nan, nan], [0.3160432, 0.046736776824015384], [0.9879518072289156, 1.0449871630807177]]
Count
[41, 1, 0, 41, 83]
acc: %0.9879518072289156
Max
Min
Money
3666.177821829269
