Train
Mean
[[1.1942277, 0.07423598764190224], [2.493791, -0.01678834448150375], [1.3742013, -0.016715181587319175], [1.2690723, 0.05874311691140876], [0.8395904436860068, 1.0534279213288456]]
Count
[257, 45, 49, 235, 586]
acc: %0.8395904436860068
Max
[[10.670898, 0.4587115072933549], [10.848831, -0.00020528260572054974], [9.297745, -4.347637059267468e-05], [14.580078, 0.374957571859871], [True, 1.458711507293355]]
Min
[[0.00020897388, 0.00015490994099340942], [0.02141881, -0.05638964416597702], [0.033436894, -0.056192358366271365], [0.0006426573, 0.0003385240352065125], [False, 0.943610355834023]]
Money
603661631824663.0
Valid
Mean
[[3.161534, 0.04869966921411881], [5.729716, -0.017552507660268356], [3.0335603, -0.009243790439882082], [3.1037045, 0.04530341361451201], [0.8352941176470589, 1.0367979239514724]]
Count
[34, 9, 5, 37, 85]
acc: %0.8352941176470589
Max
[[6.227463, 0.13442033637180636], [10.848831, -0.0017365679103300137], [4.928406, -0.0018437814280925148], [14.580078, 0.10929935142048053], [True, 1.1344203363718064]]
Min
[[0.0041046143, 0.0012012527349950712], [1.0498352, -0.04124727612327482], [1.3741302, -0.01741062202934493], [0.1628418, 0.0004565376186997549], [False, 0.9587527238767252]]
Money
2020.8887670892186
Test
Mean
[[1.7009175, 0.0484636719289295], [2.4127684, -0.015560584027767152], [4.26709, -0.019903210075969055], [1.7118304, 0.049019896404920264], [0.8705882352941177, 1.0402801197041693]]
Count
[35, 8, 3, 39, 85]
acc: %0.8705882352941177
Max
[[5.0103226, 0.1640780100432093], [4.854332, -0.00034180243819073873], [4.850731, -0.012051569506726515], [6.696785, 0.15792286452302476], [True, 1.1640780100432093]]
Min
[[0.11038971, 0.008082292432035227], [0.1479187, -0.05638964416597702], [3.580925, -0.02693567127918028], [0.08002472, 0.0003385240352065125], [False, 0.943610355834023]]
Money
2683.7002936625013
