Train
Mean
[[0.021465933, 0.026652947694778793], [0.33129683, -0.0005026970793569918], [0.023561852, -0.0007454110153652445], [0.020820448, 0.02327505211602946], [0.9900387382401771, 1.0247037712224967]]
Count
[1783, 22, 14, 1795, 3614]
acc: %0.9900387382401771
Max
[[0.3377571, 0.30811371653870095], [4.619255, -0.0], [0.21964264, -4.480286738360709e-05], [0.36697388, 0.26789353971583013], [True, 1.308113716538701]]
Min
[[7.5101852e-06, 0.00012793449753724685], [0.0017337799, -0.00218909141184876], [0.0012319088, -0.00287317006430427], [3.0994415e-06, 4.481692287017032e-05], [False, 0.9971268299356957]]
Money
4.8125552322984787e+39
Valid
Mean
[[0.04736845, 0.01813160873541837], [0.098342896, -9.80872976948593e-05], [nan, nan], [0.041495904, 0.01562045404782846], [0.9981481481481481, 1.0167585675390127]]
Count
[251, 1, 0, 288, 540]
acc: %0.9981481481481481
Max
Min
Money
706410.7109201023
Test
Mean
[[0.026316382, 0.01799876877850353], [1.1668688, -0.0001168936278599153], [0.1198082, -0.0009511953759027445], [0.026006844, 0.01840316884018708], [0.9851576994434137, 1.017924868432562]]
Count
[267, 6, 2, 264, 539]
acc: %0.9851576994434137
Max
[[0.10861206, 0.09315385986806907], [4.619255, -0.0], [0.21964264, -0.00010421008753637876], [0.1261673, 0.08854427213606804], [True, 1.093153859868069]]
Min
[[0.0001296997, 0.0007157464212679693], [0.01083374, -0.0006337805006866196], [0.019973755, -0.0017981806642691103], [0.0001373291, 0.00014997000599887693], [False, 0.9982018193357309]]
Money
1278864.4828156799
