Train
Mean
[[0.4675289, 0.07336100841108324], [0.50194865, -0.008994339068302652], [0.20558296, -0.004564024276706516], [0.4572243, 0.05265245326391408], [0.9306260575296108, 1.0579240474480143]]
Count
[271, 34, 7, 279, 591]
acc: %0.9306260575296108
Max
[[4.322113, 0.4587115072933549], [2.3040466, -0.00015490994099340942], [0.5593071, -4.347637059267468e-05], [3.53508, 0.374957571859871], [True, 1.458711507293355]]
Min
[[0.0011558533, 0.0012012527349950712], [0.023353577, -0.037620184551848755], [0.053931713, -0.010452597470471421], [0.0019036531, 0.0003385240352065125], [False, 0.9623798154481512]]
Money
1.0974402776535404e+16
Valid
Mean
[[0.93297595, 0.04425424302118358], [1.5486044, -0.0023917912134107807], [nan, nan], [1.0704384, 0.03976612993667306], [0.9651162790697675, 1.040330811876739]]
Count
[39, 3, 0, 44, 86]
acc: %0.9651162790697675
Max
Min
Money
2849.1767042162332
Test
Mean
[[0.676079, 0.046195961388660056], [0.83087766, -0.005825495754914859], [nan, nan], [0.6691213, 0.04694013309570946], [0.9418604651162791, 1.0435348907604998]]
Count
[39, 5, 0, 42, 86]
acc: %0.9418604651162791
Max
Min
Money
3696.5019198171904
