Train
Mean
[[0.36937165, 0.031090501419025363], [0.19083756, -0.011705766098132725], [0.5693933, -0.004167488431640828], [0.3062075, 0.02353631092929379], [0.8670520231213873, 1.021782617827318]]
Count
[1369, 442, 41, 1781, 3633]
acc: %0.8670520231213873
Max
[[7.0350647, 0.30811371653870095], [3.5432587, -0.0], [1.9711914, -6.419309282315384e-05], [4.120041, 0.26789353971583013], [True, 1.308113716538701]]
Min
[[0.00013923645, 6.758126647287224e-05], [0.010032654, -0.0707013078205917], [0.020038605, -0.029551081551553143], [0.00022125244, 4.480286738360709e-05], [False, 0.9292986921794083]]
Money
1.8652976613595378e+35
Valid
Mean
[[0.71044916, 0.019245082383833885], [0.8334306, -0.0024907060632375364], [0.79718435, -0.0015063136243284258], [0.6126344, 0.01620106361497232], [0.948339483394834, 1.0165808554882]]
Count
[236, 17, 11, 278, 542]
acc: %0.948339483394834
Max
[[4.6395264, 0.11135066582117947], [2.0885162, -9.80872976948593e-05], [1.9711914, -6.419309282315384e-05], [3.4235687, 0.07984507671681804], [True, 1.1113506658211794]]
Min
[[0.008361816, 0.0005347879565751876], [0.13357544, -0.00585937499999993], [0.061843872, -0.004204523487337987], [0.0025024414, 4.900759617750221e-05], [False, 0.9941406250000001]]
Money
662616.4409758456
Test
Mean
[[0.41727015, 0.01815335834831845], [0.8482564, -0.0009044826965067065], [0.40705872, -0.001779346789503008], [0.35876432, 0.018691545286680832], [0.9686346863468634, 1.0178008609192928]]
Count
[265, 9, 8, 260, 542]
acc: %0.9686346863468634
Max
[[2.5195007, 0.09315385986806907], [3.5432587, -0.0], [1.102005, -0.0002448579823703505], [2.242302, 0.08854427213606804], [True, 1.093153859868069]]
Min
[[0.0010223389, 6.758126647287224e-05], [0.1977768, -0.003895184135977443], [0.17090607, -0.0058710395789048735], [0.00022125244, 0.00010421008753637876], [False, 0.9941289604210951]]
Money
1261206.106569656
