Train
Mean
[[0.0044642948, 0.019911668292607557], [0.0043476666, -0.004127377450181125], [0.008176302, -0.00475587349398548], [0.0037824044, 0.017253453270856804], [0.8321646686270074, 1.0146910686760875]]
Count
[1759, 520, 222, 1920, 4421]
acc: %0.8321646686270074
Max
[[0.047208548, 0.31048761609907105], [0.04591298, -0.0], [0.045365095, -2.2175899232736064e-05], [0.04274702, 0.31343065218804866], [True, 1.3134306521880488]]
Min
[[2.5629997e-06, 7.955449482912573e-05], [9.405613e-05, -0.028320312500000014], [5.4493546e-05, -0.03105395232120441], [1.1920929e-07, 3.483106931386277e-05], [False, 0.9689460476787956]]
Money
2.3733703637122833e+29
Valid
Mean
[[0.0055323406, 0.013765864322812188], [0.008543093, -0.003282326795228779], [0.009304182, -0.003985936909919292], [0.0055294763, 0.016596760459373493], [0.8562783661119516, 1.0123674210504403]]
Count
[307, 41, 54, 259, 661]
acc: %0.8562783661119516
Max
[[0.03576374, 0.08850299401197614], [0.033267975, -0.0], [0.02242148, -9.273856997124082e-05], [0.026347518, 0.15437605872388474], [True, 1.1543760587238847]]
Min
[[1.5497208e-05, 7.955449482912573e-05], [0.0012011528, -0.028320312500000014], [0.00060224533, -0.011724005381510656], [1.1920929e-07, 0.0001745962461806879], [False, 0.9716796875]]
Money
293443.3665013991
Test
Mean
[[0.0034903106, 0.01336032603393265], [0.0053258776, -0.0028587942772578573], [0.0055174436, -0.0032708712659882807], [0.0036717094, 0.0138900305354952], [0.8333333333333334, 1.0108610803643352]]
Count
[271, 78, 32, 279, 660]
acc: %0.8333333333333334
Max
[[0.016003072, 0.08971226927252977], [0.018480897, -0.0], [0.013024747, -0.0004018754186203322], [0.018455386, 0.08167073345772922], [True, 1.0897122692725298]]
Min
[[1.0788441e-05, 0.000126984126984113], [0.00043994188, -0.011192589733693607], [0.00084394217, -0.00966680378445092], [1.7881393e-06, 0.0002860411899314774], [False, 0.9888074102663064]]
Money
110407.73290783704
