Train
Mean
[[0.008542578, 0.04916674909027709], [0.0129508255, -0.007744018374618686], [0.011147627, -0.010059244562605733], [0.009856852, 0.05360593468104165], [0.875, 1.0433832948925816]]
Count
[325, 5, 74, 228, 632]
acc: %0.875
Max
[[0.04939568, 0.5684694238246731], [0.023816645, -0.0], [0.031662285, -4.140101018468991e-05], [0.05463448, 0.416468796200887], [True, 1.568469423824673]]
Min
[[1.9669533e-06, 0.00011916110581518114], [0.0029575825, -0.020970720126615702], [0.0036507845, -0.042096329301930885], [1.7762184e-05, 0.0005741352088416189], [False, 0.9579036706980691]]
Money
16201742066283.363
Valid
Mean
[[0.006261297, 0.02668478457620026], [nan, nan], [0.010328283, -0.0039651482408649555], [0.0069024726, 0.03677564035784413], [0.9347826086956522, 1.0290732045149327]]
Count
[46, 0, 6, 40, 92]
acc: %0.9347826086956522
Max
Min
Money
1344.085461923527
Test
Mean
[[0.005857829, 0.03363714843905106], [nan, nan], [0.011309683, -0.00548444416431062], [0.008753097, 0.03594851228591059], [0.9239130434782609, 1.0316403228064859]]
Count
[46, 0, 7, 39, 92]
acc: %0.9239130434782609
Max
Min
Money
1661.7569404287485
