Train
Mean
[[0.0010056068, 0.04911812214775216], [0.0012928843, 0.0], [0.0014087955, -0.003322880517937236], [0.0011330773, 0.04461865660676295], [0.9836867862969005, 1.0461541201543691]]
Count
[315, 1, 9, 288, 613]
acc: %0.9836867862969005
Max
[[0.0047240257, 0.5684694238246731], [0.0012928843, -0.0], [0.0020354986, -4.140101018468991e-05], [0.008786321, 0.416468796200887], [True, 1.568469423824673]]
Min
[[4.7683716e-07, 0.00011916110581518114], [0.0012928843, -0.0], [0.00090944767, -0.0059094154041405235], [9.23872e-06, 9.186110600770621e-05], [False, 0.9940905845958595]]
Money
39615442574216.336
Valid
Mean
[[0.000830306, 0.02541876666523963], [nan, nan], [nan, nan], [0.00086420367, 0.034051130872963783], [1.0, 1.0296864523409683]]
Count
[45, 0, 0, 44, 89]
acc: %1.0
Max
Min
Money
1306.1204512895297
Test
Mean
[[0.0006435988, 0.03399443650317414], [nan, nan], [nan, nan], [0.0007855535, 0.03162191133216519], [1.0, 1.032794845124574]]
Count
[44, 0, 0, 45, 89]
acc: %1.0
Max
Min
Money
1677.046782610735
