Train
Mean
[[0.0030511902, 0.018564828733900602], [0.0035953883, -0.003626348377852879], [0.0026538349, -0.0041687078626028535], [0.0035268157, 0.018883893155812077], [0.8278763074124602, 1.0148178771016696]]
Count
[1927, 338, 419, 1714, 4398]
acc: %0.8278763074124602
Max
[[0.040311784, 0.31048761609907105], [0.021331906, -0.0], [0.04400003, -2.2175899232736064e-05], [0.028400302, 0.31343065218804866], [True, 1.3134306521880488]]
Min
[[3.9339066e-06, 3.97772474145187e-05], [0.00011882186, -0.01950040290088635], [5.1498413e-05, -0.020133800573431004], [8.34465e-07, 3.483106931386277e-05], [False, 0.9798661994265689]]
Money
2.969940560129269e+29
Valid
Mean
[[0.0035278525, 0.014201532259051936], [0.0049179792, -0.002068240675195614], [0.003760423, -0.002044546348043048], [0.0043414785, 0.015321611511285856], [0.8964992389649924, 1.0130144638933616]]
Count
[298, 47, 21, 291, 657]
acc: %0.8964992389649924
Max
[[0.02657795, 0.08850299401197614], [0.014890552, -0.0], [0.0076305866, -9.273856997124082e-05], [0.028400302, 0.15437605872388474], [True, 1.1543760587238847]]
Min
[[7.5101852e-06, 7.955449482912573e-05], [0.00091040134, -0.006478620552177763], [0.00059342384, -0.0038958376050851192], [6.0796738e-06, 0.0001745962461806879], [False, 0.9935213794478223]]
Money
427484.0593398027
Test
Mean
[[0.0031786764, 0.013885126893655963], [0.0041805613, -0.0026021344146566505], [0.0034041593, -0.0026785252430187663], [0.0033796886, 0.0136472876465085], [0.832572298325723, 1.0110182483456047]]
Count
[260, 88, 22, 287, 657]
acc: %0.832572298325723
Max
[[0.025538802, 0.08971226927252977], [0.021331787, -0.0], [0.008291662, -0.0004018754186203322], [0.014957011, 0.08167073345772922], [True, 1.0897122692725298]]
Min
[[1.6570091e-05, 0.000126984126984113], [0.00038695335, -0.007773734700628393], [0.0010054708, -0.006197824437136372], [8.6426735e-06, 0.0002860411899314774], [False, 0.9922262652993716]]
Money
118531.33711896972
