Train
Mean
[[0.0014375297, 0.019234370425470916], [0.0012676942, -0.001336388294051075], [nan, nan], [0.0014231117, 0.015988934690240358], [0.9162695711368277, 1.0159382265330972]]
Count
[1901, 369, 0, 2137, 4407]
acc: %0.9162695711368277
Max
Min
Money
4.722354537927108e+31
Valid
Mean
[[0.0020995857, 0.014420371806265651], [0.002135406, -0.0009601858303532725], [nan, nan], [0.0021152315, 0.014479048341288428], [0.9271623672230652, 1.013327868486644]]
Count
[299, 48, 0, 312, 659]
acc: %0.9271623672230652
Max
Min
Money
539100.1262569055
Test
Mean
[[0.0015306363, 0.012907528638942335], [0.0023295174, -0.001040271447822387], [nan, nan], [0.0015813814, 0.012835959308891682], [0.9164133738601824, 1.0117079610141888]]
Count
[293, 55, 0, 310, 658]
acc: %0.9164133738601824
Max
Min
Money
188655.7485728868
