Train
Mean
[[0.005965786, 0.052489193700427816], [0.009289627, -0.0073332262923980485], [0.012083616, -0.009031177746190418], [0.0054972707, 0.04678349841609447], [0.9106858054226475, 1.0446015708394827]]
Count
[300, 27, 29, 271, 627]
acc: %0.9106858054226475
Max
[[0.032663584, 0.5684694238246731], [0.018344522, -0.0], [0.043295383, -9.186110600770621e-05], [0.03590262, 0.416468796200887], [True, 1.568469423824673]]
Min
[[4.8577785e-06, 0.00011916110581518114], [0.0014128387, -0.028885135135135142], [0.002148211, -0.02907618697092388], [1.6719103e-05, 4.140101018468991e-05], [False, 0.9709238130290762]]
Money
28046378993131.69
Valid
Mean
[[0.0069877133, 0.028171223096416908], [0.0096143335, -0.0061376619401319575], [0.018623281, -0.0053833720386038415], [0.0061504976, 0.0365268111371233], [0.9021739130434783, 1.0284887775073623]]
Count
[43, 4, 5, 40, 92]
acc: %0.9021739130434783
Max
[[0.023177385, 0.09101165851823993], [0.015698433, -0.0007573844988640267], [0.025885344, -9.186110600770621e-05], [0.017144442, 0.10158013544018053], [True, 1.1015801354401806]]
Min
[[0.00038951635, 0.00011916110581518114], [0.0047125816, -0.008587593453222825], [0.010943532, -0.012235009085402784], [0.00011765957, 0.0010931718802557003], [False, 0.9877649909145972]]
Money
1273.7083983753344
Test
Mean
[[0.008473305, 0.038771581385419564], [0.00784259, -0.004125027572854511], [0.013563829, -0.008151616310025315], [0.007723075, 0.03546978908026949], [0.8571428571428571, 1.030918702951149]]
Count
[39, 6, 7, 39, 91]
acc: %0.8571428571428571
Max
[[0.030466557, 0.2181684981684982], [0.014369249, -0.0011953143676787005], [0.02835995, -0.0008360205422190778], [0.021389723, 0.11543269898597021], [True, 1.2181684981684981]]
Min
[[0.00017696619, 0.0013894678338196482], [0.003066659, -0.010134030728996376], [0.0032134056, -0.021422344002989157], [0.00012278557, 0.0005741352088416189], [False, 0.9785776559970109]]
Money
1507.8946524330208
